pm3f_001.ach	0	0800	OBJCGX
pm3n_001.scl	0	0020	COLOR
pm3b_001.ach	0	0800	OBJCGX
pm3r_001.scl	0	0020	COLOR
icon_001.sch	0	0400	NOCOMP
foot_001.bin	0	0020	NOCOMP
pm3f_002.ach	0	0800	OBJCGX
pm3n_002.scl	0	0020	COLOR
pm3b_002.ach	0	0800	OBJCGX
pm3r_002.scl	0	0020	COLOR
icon_002.sch	0	0400	NOCOMP
foot_002.bin	0	0020	NOCOMP
pm3f_003.ach	0	0800	OBJCGX
pm3n_003.scl	0	0020	COLOR
pm3b_003.ach	0	0800	OBJCGX
pm3r_003.scl	0	0020	COLOR
icon_003.sch	0	0400	NOCOMP
foot_003.bin	0	0020	NOCOMP
pm3f_004.ach	0	0800	OBJCGX
pm3n_004.scl	0	0020	COLOR
pm3b_004.ach	0	0800	OBJCGX
pm3r_004.scl	0	0020	COLOR
icon_004.sch	0	0400	NOCOMP
foot_004.bin	0	0020	NOCOMP
pm3f_005.ach	0	0800	OBJCGX
pm3n_005.scl	0	0020	COLOR
pm3b_005.ach	0	0800	OBJCGX
pm3r_005.scl	0	0020	COLOR
icon_005.sch	0	0400	NOCOMP
foot_005.bin	0	0020	NOCOMP
pm3f_006.ach	0	0800	OBJCGX
pm3n_006.scl	0	0020	COLOR
pm3b_006.ach	0	0800	OBJCGX
pm3r_006.scl	0	0020	COLOR
icon_006.sch	0	0400	NOCOMP
foot_006.bin	0	0020	NOCOMP
pm3f_007.ach	0	0800	OBJCGX
pm3n_007.scl	0	0020	COLOR
pm3b_007.ach	0	0800	OBJCGX
pm3r_007.scl	0	0020	COLOR
icon_007.sch	0	0400	NOCOMP
foot_007.bin	0	0020	NOCOMP
pm3f_008.ach	0	0800	OBJCGX
pm3n_008.scl	0	0020	COLOR
pm3b_008.ach	0	0800	OBJCGX
pm3r_008.scl	0	0020	COLOR
icon_008.sch	0	0400	NOCOMP
foot_008.bin	0	0020	NOCOMP
pm3f_009.ach	0	0800	OBJCGX
pm3n_009.scl	0	0020	COLOR
pm3b_009.ach	0	0800	OBJCGX
pm3r_009.scl	0	0020	COLOR
icon_009.sch	0	0400	NOCOMP
foot_009.bin	0	0020	NOCOMP
pm3f_010.ach	0	0800	OBJCGX
pm3n_010.scl	0	0020	COLOR
pm3b_010.ach	0	0800	OBJCGX
pm3r_010.scl	0	0020	COLOR
icon_010.sch	0	0400	NOCOMP
foot_010.bin	0	0020	NOCOMP
pm3f_011.ach	0	0800	OBJCGX
pm3n_011.scl	0	0020	COLOR
pm3b_011.ach	0	0800	OBJCGX
pm3r_011.scl	0	0020	COLOR
icon_011.sch	0	0400	NOCOMP
foot_011.bin	0	0020	NOCOMP
pm3f_012.ach	0	0800	OBJCGX
pm3n_012.scl	0	0020	COLOR
pm3b_012.ach	0	0800	OBJCGX
pm3r_012.scl	0	0020	COLOR
icon_012.sch	0	0400	NOCOMP
foot_012.bin	0	0020	NOCOMP
pm3f_013.ach	0	0800	OBJCGX
pm3n_013.scl	0	0020	COLOR
pm3b_013.ach	0	0800	OBJCGX
pm3r_013.scl	0	0020	COLOR
icon_013.sch	0	0400	NOCOMP
foot_013.bin	0	0020	NOCOMP
pm3f_014.ach	0	0800	OBJCGX
pm3n_014.scl	0	0020	COLOR
pm3b_014.ach	0	0800	OBJCGX
pm3r_014.scl	0	0020	COLOR
icon_014.sch	0	0400	NOCOMP
foot_014.bin	0	0020	NOCOMP
pm3f_015.ach	0	0800	OBJCGX
pm3n_015.scl	0	0020	COLOR
pm3b_015.ach	0	0800	OBJCGX
pm3r_015.scl	0	0020	COLOR
icon_015.sch	0	0400	NOCOMP
foot_015.bin	0	0020	NOCOMP
pm3f_016.ach	0	0800	OBJCGX
pm3n_016.scl	0	0020	COLOR
pm3b_016.ach	0	0800	OBJCGX
pm3r_016.scl	0	0020	COLOR
icon_016.sch	0	0400	NOCOMP
foot_016.bin	0	0020	NOCOMP
pm3f_017.ach	0	0800	OBJCGX
pm3n_017.scl	0	0020	COLOR
pm3b_017.ach	0	0800	OBJCGX
pm3r_017.scl	0	0020	COLOR
icon_017.sch	0	0400	NOCOMP
foot_017.bin	0	0020	NOCOMP
pm3f_018.ach	0	0800	OBJCGX
pm3n_018.scl	0	0020	COLOR
pm3b_018.ach	0	0800	OBJCGX
pm3r_018.scl	0	0020	COLOR
icon_018.sch	0	0400	NOCOMP
foot_018.bin	0	0020	NOCOMP
pm3f_019.ach	0	0800	OBJCGX
pm3n_019.scl	0	0020	COLOR
pm3b_019.ach	0	0800	OBJCGX
pm3r_019.scl	0	0020	COLOR
icon_019.sch	0	0400	NOCOMP
foot_019.bin	0	0020	NOCOMP
pm3f_020.ach	0	0800	OBJCGX
pm3n_020.scl	0	0020	COLOR
pm3b_020.ach	0	0800	OBJCGX
pm3r_020.scl	0	0020	COLOR
icon_020.sch	0	0400	NOCOMP
foot_020.bin	0	0020	NOCOMP
pm3f_021.ach	0	0800	OBJCGX
pm3n_021.scl	0	0020	COLOR
pm3b_021.ach	0	0800	OBJCGX
pm3r_021.scl	0	0020	COLOR
icon_021.sch	0	0400	NOCOMP
foot_021.bin	0	0020	NOCOMP
pm3f_022.ach	0	0800	OBJCGX
pm3n_022.scl	0	0020	COLOR
pm3b_022.ach	0	0800	OBJCGX
pm3r_022.scl	0	0020	COLOR
icon_022.sch	0	0400	NOCOMP
foot_022.bin	0	0020	NOCOMP
pm3f_023.ach	0	0800	OBJCGX
pm3n_023.scl	0	0020	COLOR
pm3b_023.ach	0	0800	OBJCGX
pm3r_023.scl	0	0020	COLOR
icon_023.sch	0	0400	NOCOMP
foot_023.bin	0	0020	NOCOMP
pm3f_024.ach	0	0800	OBJCGX
pm3n_024.scl	0	0020	COLOR
pm3b_024.ach	0	0800	OBJCGX
pm3r_024.scl	0	0020	COLOR
icon_024.sch	0	0400	NOCOMP
foot_024.bin	0	0020	NOCOMP
pm3f_025.ach	0	0800	OBJCGX
pm3n_025.scl	0	0020	COLOR
pm3b_025.ach	0	0800	OBJCGX
pm3r_025.scl	0	0020	COLOR
icon_025.sch	0	0400	NOCOMP
foot_025.bin	0	0020	NOCOMP
pm3f_026.ach	0	0800	OBJCGX
pm3n_026.scl	0	0020	COLOR
pm3b_026.ach	0	0800	OBJCGX
pm3r_026.scl	0	0020	COLOR
icon_026.sch	0	0400	NOCOMP
foot_026.bin	0	0020	NOCOMP
pm3f_027.ach	0	0800	OBJCGX
pm3n_027.scl	0	0020	COLOR
pm3b_027.ach	0	0800	OBJCGX
pm3r_027.scl	0	0020	COLOR
icon_027.sch	0	0400	NOCOMP
foot_027.bin	0	0020	NOCOMP
pm3f_028.ach	0	0800	OBJCGX
pm3n_028.scl	0	0020	COLOR
pm3b_028.ach	0	0800	OBJCGX
pm3r_028.scl	0	0020	COLOR
icon_028.sch	0	0400	NOCOMP
foot_028.bin	0	0020	NOCOMP
pm3f_029.ach	0	0800	OBJCGX
pm3n_029.scl	0	0020	COLOR
pm3b_029.ach	0	0800	OBJCGX
pm3r_029.scl	0	0020	COLOR
icon_029.sch	0	0400	NOCOMP
foot_029.bin	0	0020	NOCOMP
pm3f_030.ach	0	0800	OBJCGX
pm3n_030.scl	0	0020	COLOR
pm3b_030.ach	0	0800	OBJCGX
pm3r_030.scl	0	0020	COLOR
icon_030.sch	0	0400	NOCOMP
foot_030.bin	0	0020	NOCOMP
pm3f_031.ach	0	0800	OBJCGX
pm3n_031.scl	0	0020	COLOR
pm3b_031.ach	0	0800	OBJCGX
pm3r_031.scl	0	0020	COLOR
icon_031.sch	0	0400	NOCOMP
foot_031.bin	0	0020	NOCOMP
pm3f_032.ach	0	0800	OBJCGX
pm3n_032.scl	0	0020	COLOR
pm3b_032.ach	0	0800	OBJCGX
pm3r_032.scl	0	0020	COLOR
icon_032.sch	0	0400	NOCOMP
foot_032.bin	0	0020	NOCOMP
pm3f_033.ach	0	0800	OBJCGX
pm3n_033.scl	0	0020	COLOR
pm3b_033.ach	0	0800	OBJCGX
pm3r_033.scl	0	0020	COLOR
icon_033.sch	0	0400	NOCOMP
foot_033.bin	0	0020	NOCOMP
pm3f_034.ach	0	0800	OBJCGX
pm3n_034.scl	0	0020	COLOR
pm3b_034.ach	0	0800	OBJCGX
pm3r_034.scl	0	0020	COLOR
icon_034.sch	0	0400	NOCOMP
foot_034.bin	0	0020	NOCOMP
pm3f_035.ach	0	0800	OBJCGX
pm3n_035.scl	0	0020	COLOR
pm3b_035.ach	0	0800	OBJCGX
pm3r_035.scl	0	0020	COLOR
icon_035.sch	0	0400	NOCOMP
foot_035.bin	0	0020	NOCOMP
pm3f_036.ach	0	0800	OBJCGX
pm3n_036.scl	0	0020	COLOR
pm3b_036.ach	0	0800	OBJCGX
pm3r_036.scl	0	0020	COLOR
icon_036.sch	0	0400	NOCOMP
foot_036.bin	0	0020	NOCOMP
pm3f_037.ach	0	0800	OBJCGX
pm3n_037.scl	0	0020	COLOR
pm3b_037.ach	0	0800	OBJCGX
pm3r_037.scl	0	0020	COLOR
icon_037.sch	0	0400	NOCOMP
foot_037.bin	0	0020	NOCOMP
pm3f_038.ach	0	0800	OBJCGX
pm3n_038.scl	0	0020	COLOR
pm3b_038.ach	0	0800	OBJCGX
pm3r_038.scl	0	0020	COLOR
icon_038.sch	0	0400	NOCOMP
foot_038.bin	0	0020	NOCOMP
pm3f_039.ach	0	0800	OBJCGX
pm3n_039.scl	0	0020	COLOR
pm3b_039.ach	0	0800	OBJCGX
pm3r_039.scl	0	0020	COLOR
icon_039.sch	0	0400	NOCOMP
foot_039.bin	0	0020	NOCOMP
pm3f_040.ach	0	0800	OBJCGX
pm3n_040.scl	0	0020	COLOR
pm3b_040.ach	0	0800	OBJCGX
pm3r_040.scl	0	0020	COLOR
icon_040.sch	0	0400	NOCOMP
foot_040.bin	0	0020	NOCOMP
pm3f_041.ach	0	0800	OBJCGX
pm3n_041.scl	0	0020	COLOR
pm3b_041.ach	0	0800	OBJCGX
pm3r_041.scl	0	0020	COLOR
icon_041.sch	0	0400	NOCOMP
foot_041.bin	0	0020	NOCOMP
pm3f_042.ach	0	0800	OBJCGX
pm3n_042.scl	0	0020	COLOR
pm3b_042.ach	0	0800	OBJCGX
pm3r_042.scl	0	0020	COLOR
icon_042.sch	0	0400	NOCOMP
foot_042.bin	0	0020	NOCOMP
pm3f_043.ach	0	0800	OBJCGX
pm3n_043.scl	0	0020	COLOR
pm3b_043.ach	0	0800	OBJCGX
pm3r_043.scl	0	0020	COLOR
icon_043.sch	0	0400	NOCOMP
foot_043.bin	0	0020	NOCOMP
pm3f_044.ach	0	0800	OBJCGX
pm3n_044.scl	0	0020	COLOR
pm3b_044.ach	0	0800	OBJCGX
pm3r_044.scl	0	0020	COLOR
icon_044.sch	0	0400	NOCOMP
foot_044.bin	0	0020	NOCOMP
pm3f_045.ach	0	0800	OBJCGX
pm3n_045.scl	0	0020	COLOR
pm3b_045.ach	0	0800	OBJCGX
pm3r_045.scl	0	0020	COLOR
icon_045.sch	0	0400	NOCOMP
foot_045.bin	0	0020	NOCOMP
pm3f_046.ach	0	0800	OBJCGX
pm3n_046.scl	0	0020	COLOR
pm3b_046.ach	0	0800	OBJCGX
pm3r_046.scl	0	0020	COLOR
icon_046.sch	0	0400	NOCOMP
foot_046.bin	0	0020	NOCOMP
pm3f_047.ach	0	0800	OBJCGX
pm3n_047.scl	0	0020	COLOR
pm3b_047.ach	0	0800	OBJCGX
pm3r_047.scl	0	0020	COLOR
icon_047.sch	0	0400	NOCOMP
foot_047.bin	0	0020	NOCOMP
pm3f_048.ach	0	0800	OBJCGX
pm3n_048.scl	0	0020	COLOR
pm3b_048.ach	0	0800	OBJCGX
pm3r_048.scl	0	0020	COLOR
icon_048.sch	0	0400	NOCOMP
foot_048.bin	0	0020	NOCOMP
pm3f_049.ach	0	0800	OBJCGX
pm3n_049.scl	0	0020	COLOR
pm3b_049.ach	0	0800	OBJCGX
pm3r_049.scl	0	0020	COLOR
icon_049.sch	0	0400	NOCOMP
foot_049.bin	0	0020	NOCOMP
pm3f_050.ach	0	0800	OBJCGX
pm3n_050.scl	0	0020	COLOR
pm3b_050.ach	0	0800	OBJCGX
pm3r_050.scl	0	0020	COLOR
icon_050.sch	0	0400	NOCOMP
foot_050.bin	0	0020	NOCOMP
pm3f_051.ach	0	0800	OBJCGX
pm3n_051.scl	0	0020	COLOR
pm3b_051.ach	0	0800	OBJCGX
pm3r_051.scl	0	0020	COLOR
icon_051.sch	0	0400	NOCOMP
foot_051.bin	0	0020	NOCOMP
pm3f_052.ach	0	0800	OBJCGX
pm3n_052.scl	0	0020	COLOR
pm3b_052.ach	0	0800	OBJCGX
pm3r_052.scl	0	0020	COLOR
icon_052.sch	0	0400	NOCOMP
foot_052.bin	0	0020	NOCOMP
pm3f_053.ach	0	0800	OBJCGX
pm3n_053.scl	0	0020	COLOR
pm3b_053.ach	0	0800	OBJCGX
pm3r_053.scl	0	0020	COLOR
icon_053.sch	0	0400	NOCOMP
foot_053.bin	0	0020	NOCOMP
pm3f_054.ach	0	0800	OBJCGX
pm3n_054.scl	0	0020	COLOR
pm3b_054.ach	0	0800	OBJCGX
pm3r_054.scl	0	0020	COLOR
icon_054.sch	0	0400	NOCOMP
foot_054.bin	0	0020	NOCOMP
pm3f_055.ach	0	0800	OBJCGX
pm3n_055.scl	0	0020	COLOR
pm3b_055.ach	0	0800	OBJCGX
pm3r_055.scl	0	0020	COLOR
icon_055.sch	0	0400	NOCOMP
foot_055.bin	0	0020	NOCOMP
pm3f_056.ach	0	0800	OBJCGX
pm3n_056.scl	0	0020	COLOR
pm3b_056.ach	0	0800	OBJCGX
pm3r_056.scl	0	0020	COLOR
icon_056.sch	0	0400	NOCOMP
foot_056.bin	0	0020	NOCOMP
pm3f_057.ach	0	0800	OBJCGX
pm3n_057.scl	0	0020	COLOR
pm3b_057.ach	0	0800	OBJCGX
pm3r_057.scl	0	0020	COLOR
icon_057.sch	0	0400	NOCOMP
foot_057.bin	0	0020	NOCOMP
pm3f_058.ach	0	0800	OBJCGX
pm3n_058.scl	0	0020	COLOR
pm3b_058.ach	0	0800	OBJCGX
pm3r_058.scl	0	0020	COLOR
icon_058.sch	0	0400	NOCOMP
foot_058.bin	0	0020	NOCOMP
pm3f_059.ach	0	0800	OBJCGX
pm3n_059.scl	0	0020	COLOR
pm3b_059.ach	0	0800	OBJCGX
pm3r_059.scl	0	0020	COLOR
icon_059.sch	0	0400	NOCOMP
foot_059.bin	0	0020	NOCOMP
pm3f_060.ach	0	0800	OBJCGX
pm3n_060.scl	0	0020	COLOR
pm3b_060.ach	0	0800	OBJCGX
pm3r_060.scl	0	0020	COLOR
icon_060.sch	0	0400	NOCOMP
foot_060.bin	0	0020	NOCOMP
pm3f_061.ach	0	0800	OBJCGX
pm3n_061.scl	0	0020	COLOR
pm3b_061.ach	0	0800	OBJCGX
pm3r_061.scl	0	0020	COLOR
icon_061.sch	0	0400	NOCOMP
foot_061.bin	0	0020	NOCOMP
pm3f_062.ach	0	0800	OBJCGX
pm3n_062.scl	0	0020	COLOR
pm3b_062.ach	0	0800	OBJCGX
pm3r_062.scl	0	0020	COLOR
icon_062.sch	0	0400	NOCOMP
foot_062.bin	0	0020	NOCOMP
pm3f_063.ach	0	0800	OBJCGX
pm3n_063.scl	0	0020	COLOR
pm3b_063.ach	0	0800	OBJCGX
pm3r_063.scl	0	0020	COLOR
icon_063.sch	0	0400	NOCOMP
foot_063.bin	0	0020	NOCOMP
pm3f_064.ach	0	0800	OBJCGX
pm3n_064.scl	0	0020	COLOR
pm3b_064.ach	0	0800	OBJCGX
pm3r_064.scl	0	0020	COLOR
icon_064.sch	0	0400	NOCOMP
foot_064.bin	0	0020	NOCOMP
pm3f_065.ach	0	0800	OBJCGX
pm3n_065.scl	0	0020	COLOR
pm3b_065.ach	0	0800	OBJCGX
pm3r_065.scl	0	0020	COLOR
icon_065.sch	0	0400	NOCOMP
foot_065.bin	0	0020	NOCOMP
pm3f_066.ach	0	0800	OBJCGX
pm3n_066.scl	0	0020	COLOR
pm3b_066.ach	0	0800	OBJCGX
pm3r_066.scl	0	0020	COLOR
icon_066.sch	0	0400	NOCOMP
foot_066.bin	0	0020	NOCOMP
pm3f_067.ach	0	0800	OBJCGX
pm3n_067.scl	0	0020	COLOR
pm3b_067.ach	0	0800	OBJCGX
pm3r_067.scl	0	0020	COLOR
icon_067.sch	0	0400	NOCOMP
foot_067.bin	0	0020	NOCOMP
pm3f_068.ach	0	0800	OBJCGX
pm3n_068.scl	0	0020	COLOR
pm3b_068.ach	0	0800	OBJCGX
pm3r_068.scl	0	0020	COLOR
icon_068.sch	0	0400	NOCOMP
foot_068.bin	0	0020	NOCOMP
pm3f_069.ach	0	0800	OBJCGX
pm3n_069.scl	0	0020	COLOR
pm3b_069.ach	0	0800	OBJCGX
pm3r_069.scl	0	0020	COLOR
icon_069.sch	0	0400	NOCOMP
foot_069.bin	0	0020	NOCOMP
pm3f_070.ach	0	0800	OBJCGX
pm3n_070.scl	0	0020	COLOR
pm3b_070.ach	0	0800	OBJCGX
pm3r_070.scl	0	0020	COLOR
icon_070.sch	0	0400	NOCOMP
foot_070.bin	0	0020	NOCOMP
pm3f_071.ach	0	0800	OBJCGX
pm3n_071.scl	0	0020	COLOR
pm3b_071.ach	0	0800	OBJCGX
pm3r_071.scl	0	0020	COLOR
icon_071.sch	0	0400	NOCOMP
foot_071.bin	0	0020	NOCOMP
pm3f_072.ach	0	0800	OBJCGX
pm3n_072.scl	0	0020	COLOR
pm3b_072.ach	0	0800	OBJCGX
pm3r_072.scl	0	0020	COLOR
icon_072.sch	0	0400	NOCOMP
foot_072.bin	0	0020	NOCOMP
pm3f_073.ach	0	0800	OBJCGX
pm3n_073.scl	0	0020	COLOR
pm3b_073.ach	0	0800	OBJCGX
pm3r_073.scl	0	0020	COLOR
icon_073.sch	0	0400	NOCOMP
foot_073.bin	0	0020	NOCOMP
pm3f_074.ach	0	0800	OBJCGX
pm3n_074.scl	0	0020	COLOR
pm3b_074.ach	0	0800	OBJCGX
pm3r_074.scl	0	0020	COLOR
icon_074.sch	0	0400	NOCOMP
foot_074.bin	0	0020	NOCOMP
pm3f_075.ach	0	0800	OBJCGX
pm3n_075.scl	0	0020	COLOR
pm3b_075.ach	0	0800	OBJCGX
pm3r_075.scl	0	0020	COLOR
icon_075.sch	0	0400	NOCOMP
foot_075.bin	0	0020	NOCOMP
pm3f_076.ach	0	0800	OBJCGX
pm3n_076.scl	0	0020	COLOR
pm3b_076.ach	0	0800	OBJCGX
pm3r_076.scl	0	0020	COLOR
icon_076.sch	0	0400	NOCOMP
foot_076.bin	0	0020	NOCOMP
pm3f_077.ach	0	0800	OBJCGX
pm3n_077.scl	0	0020	COLOR
pm3b_077.ach	0	0800	OBJCGX
pm3r_077.scl	0	0020	COLOR
icon_077.sch	0	0400	NOCOMP
foot_077.bin	0	0020	NOCOMP
pm3f_078.ach	0	0800	OBJCGX
pm3n_078.scl	0	0020	COLOR
pm3b_078.ach	0	0800	OBJCGX
pm3r_078.scl	0	0020	COLOR
icon_078.sch	0	0400	NOCOMP
foot_078.bin	0	0020	NOCOMP
pm3f_079.ach	0	0800	OBJCGX
pm3n_079.scl	0	0020	COLOR
pm3b_079.ach	0	0800	OBJCGX
pm3r_079.scl	0	0020	COLOR
icon_079.sch	0	0400	NOCOMP
foot_079.bin	0	0020	NOCOMP
pm3f_080.ach	0	0800	OBJCGX
pm3n_080.scl	0	0020	COLOR
pm3b_080.ach	0	0800	OBJCGX
pm3r_080.scl	0	0020	COLOR
icon_080.sch	0	0400	NOCOMP
foot_080.bin	0	0020	NOCOMP
pm3f_081.ach	0	0800	OBJCGX
pm3n_081.scl	0	0020	COLOR
pm3b_081.ach	0	0800	OBJCGX
pm3r_081.scl	0	0020	COLOR
icon_081.sch	0	0400	NOCOMP
foot_081.bin	0	0020	NOCOMP
pm3f_082.ach	0	0800	OBJCGX
pm3n_082.scl	0	0020	COLOR
pm3b_082.ach	0	0800	OBJCGX
pm3r_082.scl	0	0020	COLOR
icon_082.sch	0	0400	NOCOMP
foot_082.bin	0	0020	NOCOMP
pm3f_083.ach	0	0800	OBJCGX
pm3n_083.scl	0	0020	COLOR
pm3b_083.ach	0	0800	OBJCGX
pm3r_083.scl	0	0020	COLOR
icon_083.sch	0	0400	NOCOMP
foot_083.bin	0	0020	NOCOMP
pm3f_084.ach	0	0800	OBJCGX
pm3n_084.scl	0	0020	COLOR
pm3b_084.ach	0	0800	OBJCGX
pm3r_084.scl	0	0020	COLOR
icon_084.sch	0	0400	NOCOMP
foot_084.bin	0	0020	NOCOMP
pm3f_085.ach	0	0800	OBJCGX
pm3n_085.scl	0	0020	COLOR
pm3b_085.ach	0	0800	OBJCGX
pm3r_085.scl	0	0020	COLOR
icon_085.sch	0	0400	NOCOMP
foot_085.bin	0	0020	NOCOMP
pm3f_086.ach	0	0800	OBJCGX
pm3n_086.scl	0	0020	COLOR
pm3b_086.ach	0	0800	OBJCGX
pm3r_086.scl	0	0020	COLOR
icon_086.sch	0	0400	NOCOMP
foot_086.bin	0	0020	NOCOMP
pm3f_087.ach	0	0800	OBJCGX
pm3n_087.scl	0	0020	COLOR
pm3b_087.ach	0	0800	OBJCGX
pm3r_087.scl	0	0020	COLOR
icon_087.sch	0	0400	NOCOMP
foot_087.bin	0	0020	NOCOMP
pm3f_088.ach	0	0800	OBJCGX
pm3n_088.scl	0	0020	COLOR
pm3b_088.ach	0	0800	OBJCGX
pm3r_088.scl	0	0020	COLOR
icon_088.sch	0	0400	NOCOMP
foot_088.bin	0	0020	NOCOMP
pm3f_089.ach	0	0800	OBJCGX
pm3n_089.scl	0	0020	COLOR
pm3b_089.ach	0	0800	OBJCGX
pm3r_089.scl	0	0020	COLOR
icon_089.sch	0	0400	NOCOMP
foot_089.bin	0	0020	NOCOMP
pm3f_090.ach	0	0800	OBJCGX
pm3n_090.scl	0	0020	COLOR
pm3b_090.ach	0	0800	OBJCGX
pm3r_090.scl	0	0020	COLOR
icon_090.sch	0	0400	NOCOMP
foot_090.bin	0	0020	NOCOMP
pm3f_091.ach	0	0800	OBJCGX
pm3n_091.scl	0	0020	COLOR
pm3b_091.ach	0	0800	OBJCGX
pm3r_091.scl	0	0020	COLOR
icon_091.sch	0	0400	NOCOMP
foot_091.bin	0	0020	NOCOMP
pm3f_092.ach	0	0800	OBJCGX
pm3n_092.scl	0	0020	COLOR
pm3b_092.ach	0	0800	OBJCGX
pm3r_092.scl	0	0020	COLOR
icon_092.sch	0	0400	NOCOMP
foot_092.bin	0	0020	NOCOMP
pm3f_093.ach	0	0800	OBJCGX
pm3n_093.scl	0	0020	COLOR
pm3b_093.ach	0	0800	OBJCGX
pm3r_093.scl	0	0020	COLOR
icon_093.sch	0	0400	NOCOMP
foot_093.bin	0	0020	NOCOMP
pm3f_094.ach	0	0800	OBJCGX
pm3n_094.scl	0	0020	COLOR
pm3b_094.ach	0	0800	OBJCGX
pm3r_094.scl	0	0020	COLOR
icon_094.sch	0	0400	NOCOMP
foot_094.bin	0	0020	NOCOMP
pm3f_095.ach	0	0800	OBJCGX
pm3n_095.scl	0	0020	COLOR
pm3b_095.ach	0	0800	OBJCGX
pm3r_095.scl	0	0020	COLOR
icon_095.sch	0	0400	NOCOMP
foot_095.bin	0	0020	NOCOMP
pm3f_096.ach	0	0800	OBJCGX
pm3n_096.scl	0	0020	COLOR
pm3b_096.ach	0	0800	OBJCGX
pm3r_096.scl	0	0020	COLOR
icon_096.sch	0	0400	NOCOMP
foot_096.bin	0	0020	NOCOMP
pm3f_097.ach	0	0800	OBJCGX
pm3n_097.scl	0	0020	COLOR
pm3b_097.ach	0	0800	OBJCGX
pm3r_097.scl	0	0020	COLOR
icon_097.sch	0	0400	NOCOMP
foot_097.bin	0	0020	NOCOMP
pm3f_098.ach	0	0800	OBJCGX
pm3n_098.scl	0	0020	COLOR
pm3b_098.ach	0	0800	OBJCGX
pm3r_098.scl	0	0020	COLOR
icon_098.sch	0	0400	NOCOMP
foot_098.bin	0	0020	NOCOMP
pm3f_099.ach	0	0800	OBJCGX
pm3n_099.scl	0	0020	COLOR
pm3b_099.ach	0	0800	OBJCGX
pm3r_099.scl	0	0020	COLOR
icon_099.sch	0	0400	NOCOMP
foot_099.bin	0	0020	NOCOMP
pm3f_100.ach	0	0800	OBJCGX
pm3n_100.scl	0	0020	COLOR
pm3b_100.ach	0	0800	OBJCGX
pm3r_100.scl	0	0020	COLOR
icon_100.sch	0	0400	NOCOMP
foot_100.bin	0	0020	NOCOMP
pm3f_101.ach	0	0800	OBJCGX
pm3n_101.scl	0	0020	COLOR
pm3b_101.ach	0	0800	OBJCGX
pm3r_101.scl	0	0020	COLOR
icon_101.sch	0	0400	NOCOMP
foot_101.bin	0	0020	NOCOMP
pm3f_102.ach	0	0800	OBJCGX
pm3n_102.scl	0	0020	COLOR
pm3b_102.ach	0	0800	OBJCGX
pm3r_102.scl	0	0020	COLOR
icon_102.sch	0	0400	NOCOMP
foot_102.bin	0	0020	NOCOMP
pm3f_103.ach	0	0800	OBJCGX
pm3n_103.scl	0	0020	COLOR
pm3b_103.ach	0	0800	OBJCGX
pm3r_103.scl	0	0020	COLOR
icon_103.sch	0	0400	NOCOMP
foot_103.bin	0	0020	NOCOMP
pm3f_104.ach	0	0800	OBJCGX
pm3n_104.scl	0	0020	COLOR
pm3b_104.ach	0	0800	OBJCGX
pm3r_104.scl	0	0020	COLOR
icon_104.sch	0	0400	NOCOMP
foot_104.bin	0	0020	NOCOMP
pm3f_105.ach	0	0800	OBJCGX
pm3n_105.scl	0	0020	COLOR
pm3b_105.ach	0	0800	OBJCGX
pm3r_105.scl	0	0020	COLOR
icon_105.sch	0	0400	NOCOMP
foot_105.bin	0	0020	NOCOMP
pm3f_106.ach	0	0800	OBJCGX
pm3n_106.scl	0	0020	COLOR
pm3b_106.ach	0	0800	OBJCGX
pm3r_106.scl	0	0020	COLOR
icon_106.sch	0	0400	NOCOMP
foot_106.bin	0	0020	NOCOMP
pm3f_107.ach	0	0800	OBJCGX
pm3n_107.scl	0	0020	COLOR
pm3b_107.ach	0	0800	OBJCGX
pm3r_107.scl	0	0020	COLOR
icon_107.sch	0	0400	NOCOMP
foot_107.bin	0	0020	NOCOMP
pm3f_108.ach	0	0800	OBJCGX
pm3n_108.scl	0	0020	COLOR
pm3b_108.ach	0	0800	OBJCGX
pm3r_108.scl	0	0020	COLOR
icon_108.sch	0	0400	NOCOMP
foot_108.bin	0	0020	NOCOMP
pm3f_109.ach	0	0800	OBJCGX
pm3n_109.scl	0	0020	COLOR
pm3b_109.ach	0	0800	OBJCGX
pm3r_109.scl	0	0020	COLOR
icon_109.sch	0	0400	NOCOMP
foot_109.bin	0	0020	NOCOMP
pm3f_110.ach	0	0800	OBJCGX
pm3n_110.scl	0	0020	COLOR
pm3b_110.ach	0	0800	OBJCGX
pm3r_110.scl	0	0020	COLOR
icon_110.sch	0	0400	NOCOMP
foot_110.bin	0	0020	NOCOMP
pm3f_111.ach	0	0800	OBJCGX
pm3n_111.scl	0	0020	COLOR
pm3b_111.ach	0	0800	OBJCGX
pm3r_111.scl	0	0020	COLOR
icon_111.sch	0	0400	NOCOMP
foot_111.bin	0	0020	NOCOMP
pm3f_112.ach	0	0800	OBJCGX
pm3n_112.scl	0	0020	COLOR
pm3b_112.ach	0	0800	OBJCGX
pm3r_112.scl	0	0020	COLOR
icon_112.sch	0	0400	NOCOMP
foot_112.bin	0	0020	NOCOMP
pm3f_113.ach	0	0800	OBJCGX
pm3n_113.scl	0	0020	COLOR
pm3b_113.ach	0	0800	OBJCGX
pm3r_113.scl	0	0020	COLOR
icon_113.sch	0	0400	NOCOMP
foot_113.bin	0	0020	NOCOMP
pm3f_114.ach	0	0800	OBJCGX
pm3n_114.scl	0	0020	COLOR
pm3b_114.ach	0	0800	OBJCGX
pm3r_114.scl	0	0020	COLOR
icon_114.sch	0	0400	NOCOMP
foot_114.bin	0	0020	NOCOMP
pm3f_115.ach	0	0800	OBJCGX
pm3n_115.scl	0	0020	COLOR
pm3b_115.ach	0	0800	OBJCGX
pm3r_115.scl	0	0020	COLOR
icon_115.sch	0	0400	NOCOMP
foot_115.bin	0	0020	NOCOMP
pm3f_116.ach	0	0800	OBJCGX
pm3n_116.scl	0	0020	COLOR
pm3b_116.ach	0	0800	OBJCGX
pm3r_116.scl	0	0020	COLOR
icon_116.sch	0	0400	NOCOMP
foot_116.bin	0	0020	NOCOMP
pm3f_117.ach	0	0800	OBJCGX
pm3n_117.scl	0	0020	COLOR
pm3b_117.ach	0	0800	OBJCGX
pm3r_117.scl	0	0020	COLOR
icon_117.sch	0	0400	NOCOMP
foot_117.bin	0	0020	NOCOMP
pm3f_118.ach	0	0800	OBJCGX
pm3n_118.scl	0	0020	COLOR
pm3b_118.ach	0	0800	OBJCGX
pm3r_118.scl	0	0020	COLOR
icon_118.sch	0	0400	NOCOMP
foot_118.bin	0	0020	NOCOMP
pm3f_119.ach	0	0800	OBJCGX
pm3n_119.scl	0	0020	COLOR
pm3b_119.ach	0	0800	OBJCGX
pm3r_119.scl	0	0020	COLOR
icon_119.sch	0	0400	NOCOMP
foot_119.bin	0	0020	NOCOMP
pm3f_120.ach	0	0800	OBJCGX
pm3n_120.scl	0	0020	COLOR
pm3b_120.ach	0	0800	OBJCGX
pm3r_120.scl	0	0020	COLOR
icon_120.sch	0	0400	NOCOMP
foot_120.bin	0	0020	NOCOMP
pm3f_121.ach	0	0800	OBJCGX
pm3n_121.scl	0	0020	COLOR
pm3b_121.ach	0	0800	OBJCGX
pm3r_121.scl	0	0020	COLOR
icon_121.sch	0	0400	NOCOMP
foot_121.bin	0	0020	NOCOMP
pm3f_122.ach	0	0800	OBJCGX
pm3n_122.scl	0	0020	COLOR
pm3b_122.ach	0	0800	OBJCGX
pm3r_122.scl	0	0020	COLOR
icon_122.sch	0	0400	NOCOMP
foot_122.bin	0	0020	NOCOMP
pm3f_123.ach	0	0800	OBJCGX
pm3n_123.scl	0	0020	COLOR
pm3b_123.ach	0	0800	OBJCGX
pm3r_123.scl	0	0020	COLOR
icon_123.sch	0	0400	NOCOMP
foot_123.bin	0	0020	NOCOMP
pm3f_124.ach	0	0800	OBJCGX
pm3n_124.scl	0	0020	COLOR
pm3b_124.ach	0	0800	OBJCGX
pm3r_124.scl	0	0020	COLOR
icon_124.sch	0	0400	NOCOMP
foot_124.bin	0	0020	NOCOMP
pm3f_125.ach	0	0800	OBJCGX
pm3n_125.scl	0	0020	COLOR
pm3b_125.ach	0	0800	OBJCGX
pm3r_125.scl	0	0020	COLOR
icon_125.sch	0	0400	NOCOMP
foot_125.bin	0	0020	NOCOMP
pm3f_126.ach	0	0800	OBJCGX
pm3n_126.scl	0	0020	COLOR
pm3b_126.ach	0	0800	OBJCGX
pm3r_126.scl	0	0020	COLOR
icon_126.sch	0	0400	NOCOMP
foot_126.bin	0	0020	NOCOMP
pm3f_127.ach	0	0800	OBJCGX
pm3n_127.scl	0	0020	COLOR
pm3b_127.ach	0	0800	OBJCGX
pm3r_127.scl	0	0020	COLOR
icon_127.sch	0	0400	NOCOMP
foot_127.bin	0	0020	NOCOMP
pm3f_128.ach	0	0800	OBJCGX
pm3n_128.scl	0	0020	COLOR
pm3b_128.ach	0	0800	OBJCGX
pm3r_128.scl	0	0020	COLOR
icon_128.sch	0	0400	NOCOMP
foot_128.bin	0	0020	NOCOMP
pm3f_129.ach	0	0800	OBJCGX
pm3n_129.scl	0	0020	COLOR
pm3b_129.ach	0	0800	OBJCGX
pm3r_129.scl	0	0020	COLOR
icon_129.sch	0	0400	NOCOMP
foot_129.bin	0	0020	NOCOMP
pm3f_130.ach	0	0800	OBJCGX
pm3n_130.scl	0	0020	COLOR
pm3b_130.ach	0	0800	OBJCGX
pm3r_130.scl	0	0020	COLOR
icon_130.sch	0	0400	NOCOMP
foot_130.bin	0	0020	NOCOMP
pm3f_131.ach	0	0800	OBJCGX
pm3n_131.scl	0	0020	COLOR
pm3b_131.ach	0	0800	OBJCGX
pm3r_131.scl	0	0020	COLOR
icon_131.sch	0	0400	NOCOMP
foot_131.bin	0	0020	NOCOMP
pm3f_132.ach	0	0800	OBJCGX
pm3n_132.scl	0	0020	COLOR
pm3b_132.ach	0	0800	OBJCGX
pm3r_132.scl	0	0020	COLOR
icon_132.sch	0	0400	NOCOMP
foot_132.bin	0	0020	NOCOMP
pm3f_133.ach	0	0800	OBJCGX
pm3n_133.scl	0	0020	COLOR
pm3b_133.ach	0	0800	OBJCGX
pm3r_133.scl	0	0020	COLOR
icon_133.sch	0	0400	NOCOMP
foot_133.bin	0	0020	NOCOMP
pm3f_134.ach	0	0800	OBJCGX
pm3n_134.scl	0	0020	COLOR
pm3b_134.ach	0	0800	OBJCGX
pm3r_134.scl	0	0020	COLOR
icon_134.sch	0	0400	NOCOMP
foot_134.bin	0	0020	NOCOMP
pm3f_135.ach	0	0800	OBJCGX
pm3n_135.scl	0	0020	COLOR
pm3b_135.ach	0	0800	OBJCGX
pm3r_135.scl	0	0020	COLOR
icon_135.sch	0	0400	NOCOMP
foot_135.bin	0	0020	NOCOMP
pm3f_136.ach	0	0800	OBJCGX
pm3n_136.scl	0	0020	COLOR
pm3b_136.ach	0	0800	OBJCGX
pm3r_136.scl	0	0020	COLOR
icon_136.sch	0	0400	NOCOMP
foot_136.bin	0	0020	NOCOMP
pm3f_137.ach	0	0800	OBJCGX
pm3n_137.scl	0	0020	COLOR
pm3b_137.ach	0	0800	OBJCGX
pm3r_137.scl	0	0020	COLOR
icon_137.sch	0	0400	NOCOMP
foot_137.bin	0	0020	NOCOMP
pm3f_138.ach	0	0800	OBJCGX
pm3n_138.scl	0	0020	COLOR
pm3b_138.ach	0	0800	OBJCGX
pm3r_138.scl	0	0020	COLOR
icon_138.sch	0	0400	NOCOMP
foot_138.bin	0	0020	NOCOMP
pm3f_139.ach	0	0800	OBJCGX
pm3n_139.scl	0	0020	COLOR
pm3b_139.ach	0	0800	OBJCGX
pm3r_139.scl	0	0020	COLOR
icon_139.sch	0	0400	NOCOMP
foot_139.bin	0	0020	NOCOMP
pm3f_140.ach	0	0800	OBJCGX
pm3n_140.scl	0	0020	COLOR
pm3b_140.ach	0	0800	OBJCGX
pm3r_140.scl	0	0020	COLOR
icon_140.sch	0	0400	NOCOMP
foot_140.bin	0	0020	NOCOMP
pm3f_141.ach	0	0800	OBJCGX
pm3n_141.scl	0	0020	COLOR
pm3b_141.ach	0	0800	OBJCGX
pm3r_141.scl	0	0020	COLOR
icon_141.sch	0	0400	NOCOMP
foot_141.bin	0	0020	NOCOMP
pm3f_142.ach	0	0800	OBJCGX
pm3n_142.scl	0	0020	COLOR
pm3b_142.ach	0	0800	OBJCGX
pm3r_142.scl	0	0020	COLOR
icon_142.sch	0	0400	NOCOMP
foot_142.bin	0	0020	NOCOMP
pm3f_143.ach	0	0800	OBJCGX
pm3n_143.scl	0	0020	COLOR
pm3b_143.ach	0	0800	OBJCGX
pm3r_143.scl	0	0020	COLOR
icon_143.sch	0	0400	NOCOMP
foot_143.bin	0	0020	NOCOMP
pm3f_144.ach	0	0800	OBJCGX
pm3n_144.scl	0	0020	COLOR
pm3b_144.ach	0	0800	OBJCGX
pm3r_144.scl	0	0020	COLOR
icon_144.sch	0	0400	NOCOMP
foot_144.bin	0	0020	NOCOMP
pm3f_145.ach	0	0800	OBJCGX
pm3n_145.scl	0	0020	COLOR
pm3b_145.ach	0	0800	OBJCGX
pm3r_145.scl	0	0020	COLOR
icon_145.sch	0	0400	NOCOMP
foot_145.bin	0	0020	NOCOMP
pm3f_146.ach	0	0800	OBJCGX
pm3n_146.scl	0	0020	COLOR
pm3b_146.ach	0	0800	OBJCGX
pm3r_146.scl	0	0020	COLOR
icon_146.sch	0	0400	NOCOMP
foot_146.bin	0	0020	NOCOMP
pm3f_147.ach	0	0800	OBJCGX
pm3n_147.scl	0	0020	COLOR
pm3b_147.ach	0	0800	OBJCGX
pm3r_147.scl	0	0020	COLOR
icon_147.sch	0	0400	NOCOMP
foot_147.bin	0	0020	NOCOMP
pm3f_148.ach	0	0800	OBJCGX
pm3n_148.scl	0	0020	COLOR
pm3b_148.ach	0	0800	OBJCGX
pm3r_148.scl	0	0020	COLOR
icon_148.sch	0	0400	NOCOMP
foot_148.bin	0	0020	NOCOMP
pm3f_149.ach	0	0800	OBJCGX
pm3n_149.scl	0	0020	COLOR
pm3b_149.ach	0	0800	OBJCGX
pm3r_149.scl	0	0020	COLOR
icon_149.sch	0	0400	NOCOMP
foot_149.bin	0	0020	NOCOMP
pm3f_150.ach	0	0800	OBJCGX
pm3n_150.scl	0	0020	COLOR
pm3b_150.ach	0	0800	OBJCGX
pm3r_150.scl	0	0020	COLOR
icon_150.sch	0	0400	NOCOMP
foot_150.bin	0	0020	NOCOMP
pm3f_151.ach	0	0800	OBJCGX
pm3n_151.scl	0	0020	COLOR
pm3b_151.ach	0	0800	OBJCGX
pm3r_151.scl	0	0020	COLOR
icon_151.sch	0	0400	NOCOMP
foot_151.bin	0	0020	NOCOMP
pm3f_152.ach	0	0800	OBJCGX
pm3n_152.scl	0	0020	COLOR
pm3b_152.ach	0	0800	OBJCGX
pm3r_152.scl	0	0020	COLOR
icon_152.sch	0	0400	NOCOMP
foot_152.bin	0	0020	NOCOMP
pm3f_153.ach	0	0800	OBJCGX
pm3n_153.scl	0	0020	COLOR
pm3b_153.ach	0	0800	OBJCGX
pm3r_153.scl	0	0020	COLOR
icon_153.sch	0	0400	NOCOMP
foot_153.bin	0	0020	NOCOMP
pm3f_154.ach	0	0800	OBJCGX
pm3n_154.scl	0	0020	COLOR
pm3b_154.ach	0	0800	OBJCGX
pm3r_154.scl	0	0020	COLOR
icon_154.sch	0	0400	NOCOMP
foot_154.bin	0	0020	NOCOMP
pm3f_155.ach	0	0800	OBJCGX
pm3n_155.scl	0	0020	COLOR
pm3b_155.ach	0	0800	OBJCGX
pm3r_155.scl	0	0020	COLOR
icon_155.sch	0	0400	NOCOMP
foot_155.bin	0	0020	NOCOMP
pm3f_156.ach	0	0800	OBJCGX
pm3n_156.scl	0	0020	COLOR
pm3b_156.ach	0	0800	OBJCGX
pm3r_156.scl	0	0020	COLOR
icon_156.sch	0	0400	NOCOMP
foot_156.bin	0	0020	NOCOMP
pm3f_157.ach	0	0800	OBJCGX
pm3n_157.scl	0	0020	COLOR
pm3b_157.ach	0	0800	OBJCGX
pm3r_157.scl	0	0020	COLOR
icon_157.sch	0	0400	NOCOMP
foot_157.bin	0	0020	NOCOMP
pm3f_158.ach	0	0800	OBJCGX
pm3n_158.scl	0	0020	COLOR
pm3b_158.ach	0	0800	OBJCGX
pm3r_158.scl	0	0020	COLOR
icon_158.sch	0	0400	NOCOMP
foot_158.bin	0	0020	NOCOMP
pm3f_159.ach	0	0800	OBJCGX
pm3n_159.scl	0	0020	COLOR
pm3b_159.ach	0	0800	OBJCGX
pm3r_159.scl	0	0020	COLOR
icon_159.sch	0	0400	NOCOMP
foot_159.bin	0	0020	NOCOMP
pm3f_160.ach	0	0800	OBJCGX
pm3n_160.scl	0	0020	COLOR
pm3b_160.ach	0	0800	OBJCGX
pm3r_160.scl	0	0020	COLOR
icon_160.sch	0	0400	NOCOMP
foot_160.bin	0	0020	NOCOMP
pm3f_161.ach	0	0800	OBJCGX
pm3n_161.scl	0	0020	COLOR
pm3b_161.ach	0	0800	OBJCGX
pm3r_161.scl	0	0020	COLOR
icon_161.sch	0	0400	NOCOMP
foot_161.bin	0	0020	NOCOMP
pm3f_162.ach	0	0800	OBJCGX
pm3n_162.scl	0	0020	COLOR
pm3b_162.ach	0	0800	OBJCGX
pm3r_162.scl	0	0020	COLOR
icon_162.sch	0	0400	NOCOMP
foot_162.bin	0	0020	NOCOMP
pm3f_163.ach	0	0800	OBJCGX
pm3n_163.scl	0	0020	COLOR
pm3b_163.ach	0	0800	OBJCGX
pm3r_163.scl	0	0020	COLOR
icon_163.sch	0	0400	NOCOMP
foot_163.bin	0	0020	NOCOMP
pm3f_164.ach	0	0800	OBJCGX
pm3n_164.scl	0	0020	COLOR
pm3b_164.ach	0	0800	OBJCGX
pm3r_164.scl	0	0020	COLOR
icon_164.sch	0	0400	NOCOMP
foot_164.bin	0	0020	NOCOMP
pm3f_165.ach	0	0800	OBJCGX
pm3n_165.scl	0	0020	COLOR
pm3b_165.ach	0	0800	OBJCGX
pm3r_165.scl	0	0020	COLOR
icon_165.sch	0	0400	NOCOMP
foot_165.bin	0	0020	NOCOMP
pm3f_166.ach	0	0800	OBJCGX
pm3n_166.scl	0	0020	COLOR
pm3b_166.ach	0	0800	OBJCGX
pm3r_166.scl	0	0020	COLOR
icon_166.sch	0	0400	NOCOMP
foot_166.bin	0	0020	NOCOMP
pm3f_167.ach	0	0800	OBJCGX
pm3n_167.scl	0	0020	COLOR
pm3b_167.ach	0	0800	OBJCGX
pm3r_167.scl	0	0020	COLOR
icon_167.sch	0	0400	NOCOMP
foot_167.bin	0	0020	NOCOMP
pm3f_168.ach	0	0800	OBJCGX
pm3n_168.scl	0	0020	COLOR
pm3b_168.ach	0	0800	OBJCGX
pm3r_168.scl	0	0020	COLOR
icon_168.sch	0	0400	NOCOMP
foot_168.bin	0	0020	NOCOMP
pm3f_169.ach	0	0800	OBJCGX
pm3n_169.scl	0	0020	COLOR
pm3b_169.ach	0	0800	OBJCGX
pm3r_169.scl	0	0020	COLOR
icon_169.sch	0	0400	NOCOMP
foot_169.bin	0	0020	NOCOMP
pm3f_170.ach	0	0800	OBJCGX
pm3n_170.scl	0	0020	COLOR
pm3b_170.ach	0	0800	OBJCGX
pm3r_170.scl	0	0020	COLOR
icon_170.sch	0	0400	NOCOMP
foot_170.bin	0	0020	NOCOMP
pm3f_171.ach	0	0800	OBJCGX
pm3n_171.scl	0	0020	COLOR
pm3b_171.ach	0	0800	OBJCGX
pm3r_171.scl	0	0020	COLOR
icon_171.sch	0	0400	NOCOMP
foot_171.bin	0	0020	NOCOMP
pm3f_172.ach	0	0800	OBJCGX
pm3n_172.scl	0	0020	COLOR
pm3b_172.ach	0	0800	OBJCGX
pm3r_172.scl	0	0020	COLOR
icon_172.sch	0	0400	NOCOMP
foot_172.bin	0	0020	NOCOMP
pm3f_173.ach	0	0800	OBJCGX
pm3n_173.scl	0	0020	COLOR
pm3b_173.ach	0	0800	OBJCGX
pm3r_173.scl	0	0020	COLOR
icon_173.sch	0	0400	NOCOMP
foot_173.bin	0	0020	NOCOMP
pm3f_174.ach	0	0800	OBJCGX
pm3n_174.scl	0	0020	COLOR
pm3b_174.ach	0	0800	OBJCGX
pm3r_174.scl	0	0020	COLOR
icon_174.sch	0	0400	NOCOMP
foot_174.bin	0	0020	NOCOMP
pm3f_175.ach	0	0800	OBJCGX
pm3n_175.scl	0	0020	COLOR
pm3b_175.ach	0	0800	OBJCGX
pm3r_175.scl	0	0020	COLOR
icon_175.sch	0	0400	NOCOMP
foot_175.bin	0	0020	NOCOMP
pm3f_176.ach	0	0800	OBJCGX
pm3n_176.scl	0	0020	COLOR
pm3b_176.ach	0	0800	OBJCGX
pm3r_176.scl	0	0020	COLOR
icon_176.sch	0	0400	NOCOMP
foot_176.bin	0	0020	NOCOMP
pm3f_177.ach	0	0800	OBJCGX
pm3n_177.scl	0	0020	COLOR
pm3b_177.ach	0	0800	OBJCGX
pm3r_177.scl	0	0020	COLOR
icon_177.sch	0	0400	NOCOMP
foot_177.bin	0	0020	NOCOMP
pm3f_178.ach	0	0800	OBJCGX
pm3n_178.scl	0	0020	COLOR
pm3b_178.ach	0	0800	OBJCGX
pm3r_178.scl	0	0020	COLOR
icon_178.sch	0	0400	NOCOMP
foot_178.bin	0	0020	NOCOMP
pm3f_179.ach	0	0800	OBJCGX
pm3n_179.scl	0	0020	COLOR
pm3b_179.ach	0	0800	OBJCGX
pm3r_179.scl	0	0020	COLOR
icon_179.sch	0	0400	NOCOMP
foot_179.bin	0	0020	NOCOMP
pm3f_180.ach	0	0800	OBJCGX
pm3n_180.scl	0	0020	COLOR
pm3b_180.ach	0	0800	OBJCGX
pm3r_180.scl	0	0020	COLOR
icon_180.sch	0	0400	NOCOMP
foot_180.bin	0	0020	NOCOMP
pm3f_181.ach	0	0800	OBJCGX
pm3n_181.scl	0	0020	COLOR
pm3b_181.ach	0	0800	OBJCGX
pm3r_181.scl	0	0020	COLOR
icon_181.sch	0	0400	NOCOMP
foot_181.bin	0	0020	NOCOMP
pm3f_182.ach	0	0800	OBJCGX
pm3n_182.scl	0	0020	COLOR
pm3b_182.ach	0	0800	OBJCGX
pm3r_182.scl	0	0020	COLOR
icon_182.sch	0	0400	NOCOMP
foot_182.bin	0	0020	NOCOMP
pm3f_183.ach	0	0800	OBJCGX
pm3n_183.scl	0	0020	COLOR
pm3b_183.ach	0	0800	OBJCGX
pm3r_183.scl	0	0020	COLOR
icon_183.sch	0	0400	NOCOMP
foot_183.bin	0	0020	NOCOMP
pm3f_184.ach	0	0800	OBJCGX
pm3n_184.scl	0	0020	COLOR
pm3b_184.ach	0	0800	OBJCGX
pm3r_184.scl	0	0020	COLOR
icon_184.sch	0	0400	NOCOMP
foot_184.bin	0	0020	NOCOMP
pm3f_185.ach	0	0800	OBJCGX
pm3n_185.scl	0	0020	COLOR
pm3b_185.ach	0	0800	OBJCGX
pm3r_185.scl	0	0020	COLOR
icon_185.sch	0	0400	NOCOMP
foot_185.bin	0	0020	NOCOMP
pm3f_186.ach	0	0800	OBJCGX
pm3n_186.scl	0	0020	COLOR
pm3b_186.ach	0	0800	OBJCGX
pm3r_186.scl	0	0020	COLOR
icon_186.sch	0	0400	NOCOMP
foot_186.bin	0	0020	NOCOMP
pm3f_187.ach	0	0800	OBJCGX
pm3n_187.scl	0	0020	COLOR
pm3b_187.ach	0	0800	OBJCGX
pm3r_187.scl	0	0020	COLOR
icon_187.sch	0	0400	NOCOMP
foot_187.bin	0	0020	NOCOMP
pm3f_188.ach	0	0800	OBJCGX
pm3n_188.scl	0	0020	COLOR
pm3b_188.ach	0	0800	OBJCGX
pm3r_188.scl	0	0020	COLOR
icon_188.sch	0	0400	NOCOMP
foot_188.bin	0	0020	NOCOMP
pm3f_189.ach	0	0800	OBJCGX
pm3n_189.scl	0	0020	COLOR
pm3b_189.ach	0	0800	OBJCGX
pm3r_189.scl	0	0020	COLOR
icon_189.sch	0	0400	NOCOMP
foot_189.bin	0	0020	NOCOMP
pm3f_190.ach	0	0800	OBJCGX
pm3n_190.scl	0	0020	COLOR
pm3b_190.ach	0	0800	OBJCGX
pm3r_190.scl	0	0020	COLOR
icon_190.sch	0	0400	NOCOMP
foot_190.bin	0	0020	NOCOMP
pm3f_191.ach	0	0800	OBJCGX
pm3n_191.scl	0	0020	COLOR
pm3b_191.ach	0	0800	OBJCGX
pm3r_191.scl	0	0020	COLOR
icon_191.sch	0	0400	NOCOMP
foot_191.bin	0	0020	NOCOMP
pm3f_192.ach	0	0800	OBJCGX
pm3n_192.scl	0	0020	COLOR
pm3b_192.ach	0	0800	OBJCGX
pm3r_192.scl	0	0020	COLOR
icon_192.sch	0	0400	NOCOMP
foot_192.bin	0	0020	NOCOMP
pm3f_193.ach	0	0800	OBJCGX
pm3n_193.scl	0	0020	COLOR
pm3b_193.ach	0	0800	OBJCGX
pm3r_193.scl	0	0020	COLOR
icon_193.sch	0	0400	NOCOMP
foot_193.bin	0	0020	NOCOMP
pm3f_194.ach	0	0800	OBJCGX
pm3n_194.scl	0	0020	COLOR
pm3b_194.ach	0	0800	OBJCGX
pm3r_194.scl	0	0020	COLOR
icon_194.sch	0	0400	NOCOMP
foot_194.bin	0	0020	NOCOMP
pm3f_195.ach	0	0800	OBJCGX
pm3n_195.scl	0	0020	COLOR
pm3b_195.ach	0	0800	OBJCGX
pm3r_195.scl	0	0020	COLOR
icon_195.sch	0	0400	NOCOMP
foot_195.bin	0	0020	NOCOMP
pm3f_196.ach	0	0800	OBJCGX
pm3n_196.scl	0	0020	COLOR
pm3b_196.ach	0	0800	OBJCGX
pm3r_196.scl	0	0020	COLOR
icon_196.sch	0	0400	NOCOMP
foot_196.bin	0	0020	NOCOMP
pm3f_197.ach	0	0800	OBJCGX
pm3n_197.scl	0	0020	COLOR
pm3b_197.ach	0	0800	OBJCGX
pm3r_197.scl	0	0020	COLOR
icon_197.sch	0	0400	NOCOMP
foot_197.bin	0	0020	NOCOMP
pm3f_198.ach	0	0800	OBJCGX
pm3n_198.scl	0	0020	COLOR
pm3b_198.ach	0	0800	OBJCGX
pm3r_198.scl	0	0020	COLOR
icon_198.sch	0	0400	NOCOMP
foot_198.bin	0	0020	NOCOMP
pm3f_199.ach	0	0800	OBJCGX
pm3n_199.scl	0	0020	COLOR
pm3b_199.ach	0	0800	OBJCGX
pm3r_199.scl	0	0020	COLOR
icon_199.sch	0	0400	NOCOMP
foot_199.bin	0	0020	NOCOMP
pm3f_200.ach	0	0800	OBJCGX
pm3n_200.scl	0	0020	COLOR
pm3b_200.ach	0	0800	OBJCGX
pm3r_200.scl	0	0020	COLOR
icon_200.sch	0	0400	NOCOMP
foot_200.bin	0	0020	NOCOMP
pm3f_una.ach	0	0800	OBJCGX
pm3n_201.scl	0	0020	COLOR
pm3b_una.ach	0	0800	OBJCGX
pm3r_201.scl	0	0020	COLOR
icon_una.sch	0	0400	NOCOMP
foot_201.bin	0	0020	NOCOMP
pm3f_202.ach	0	0800	OBJCGX
pm3n_202.scl	0	0020	COLOR
pm3b_202.ach	0	0800	OBJCGX
pm3r_202.scl	0	0020	COLOR
icon_202.sch	0	0400	NOCOMP
foot_202.bin	0	0020	NOCOMP
pm3f_203.ach	0	0800	OBJCGX
pm3n_203.scl	0	0020	COLOR
pm3b_203.ach	0	0800	OBJCGX
pm3r_203.scl	0	0020	COLOR
icon_203.sch	0	0400	NOCOMP
foot_203.bin	0	0020	NOCOMP
pm3f_204.ach	0	0800	OBJCGX
pm3n_204.scl	0	0020	COLOR
pm3b_204.ach	0	0800	OBJCGX
pm3r_204.scl	0	0020	COLOR
icon_204.sch	0	0400	NOCOMP
foot_204.bin	0	0020	NOCOMP
pm3f_205.ach	0	0800	OBJCGX
pm3n_205.scl	0	0020	COLOR
pm3b_205.ach	0	0800	OBJCGX
pm3r_205.scl	0	0020	COLOR
icon_205.sch	0	0400	NOCOMP
foot_205.bin	0	0020	NOCOMP
pm3f_206.ach	0	0800	OBJCGX
pm3n_206.scl	0	0020	COLOR
pm3b_206.ach	0	0800	OBJCGX
pm3r_206.scl	0	0020	COLOR
icon_206.sch	0	0400	NOCOMP
foot_206.bin	0	0020	NOCOMP
pm3f_207.ach	0	0800	OBJCGX
pm3n_207.scl	0	0020	COLOR
pm3b_207.ach	0	0800	OBJCGX
pm3r_207.scl	0	0020	COLOR
icon_207.sch	0	0400	NOCOMP
foot_207.bin	0	0020	NOCOMP
pm3f_208.ach	0	0800	OBJCGX
pm3n_208.scl	0	0020	COLOR
pm3b_208.ach	0	0800	OBJCGX
pm3r_208.scl	0	0020	COLOR
icon_208.sch	0	0400	NOCOMP
foot_208.bin	0	0020	NOCOMP
pm3f_209.ach	0	0800	OBJCGX
pm3n_209.scl	0	0020	COLOR
pm3b_209.ach	0	0800	OBJCGX
pm3r_209.scl	0	0020	COLOR
icon_209.sch	0	0400	NOCOMP
foot_209.bin	0	0020	NOCOMP
pm3f_210.ach	0	0800	OBJCGX
pm3n_210.scl	0	0020	COLOR
pm3b_210.ach	0	0800	OBJCGX
pm3r_210.scl	0	0020	COLOR
icon_210.sch	0	0400	NOCOMP
foot_210.bin	0	0020	NOCOMP
pm3f_211.ach	0	0800	OBJCGX
pm3n_211.scl	0	0020	COLOR
pm3b_211.ach	0	0800	OBJCGX
pm3r_211.scl	0	0020	COLOR
icon_211.sch	0	0400	NOCOMP
foot_211.bin	0	0020	NOCOMP
pm3f_212.ach	0	0800	OBJCGX
pm3n_212.scl	0	0020	COLOR
pm3b_212.ach	0	0800	OBJCGX
pm3r_212.scl	0	0020	COLOR
icon_212.sch	0	0400	NOCOMP
foot_212.bin	0	0020	NOCOMP
pm3f_213.ach	0	0800	OBJCGX
pm3n_213.scl	0	0020	COLOR
pm3b_213.ach	0	0800	OBJCGX
pm3r_213.scl	0	0020	COLOR
icon_213.sch	0	0400	NOCOMP
foot_213.bin	0	0020	NOCOMP
pm3f_214.ach	0	0800	OBJCGX
pm3n_214.scl	0	0020	COLOR
pm3b_214.ach	0	0800	OBJCGX
pm3r_214.scl	0	0020	COLOR
icon_214.sch	0	0400	NOCOMP
foot_214.bin	0	0020	NOCOMP
pm3f_215.ach	0	0800	OBJCGX
pm3n_215.scl	0	0020	COLOR
pm3b_215.ach	0	0800	OBJCGX
pm3r_215.scl	0	0020	COLOR
icon_215.sch	0	0400	NOCOMP
foot_215.bin	0	0020	NOCOMP
pm3f_216.ach	0	0800	OBJCGX
pm3n_216.scl	0	0020	COLOR
pm3b_216.ach	0	0800	OBJCGX
pm3r_216.scl	0	0020	COLOR
icon_216.sch	0	0400	NOCOMP
foot_216.bin	0	0020	NOCOMP
pm3f_217.ach	0	0800	OBJCGX
pm3n_217.scl	0	0020	COLOR
pm3b_217.ach	0	0800	OBJCGX
pm3r_217.scl	0	0020	COLOR
icon_217.sch	0	0400	NOCOMP
foot_217.bin	0	0020	NOCOMP
pm3f_218.ach	0	0800	OBJCGX
pm3n_218.scl	0	0020	COLOR
pm3b_218.ach	0	0800	OBJCGX
pm3r_218.scl	0	0020	COLOR
icon_218.sch	0	0400	NOCOMP
foot_218.bin	0	0020	NOCOMP
pm3f_219.ach	0	0800	OBJCGX
pm3n_219.scl	0	0020	COLOR
pm3b_219.ach	0	0800	OBJCGX
pm3r_219.scl	0	0020	COLOR
icon_219.sch	0	0400	NOCOMP
foot_219.bin	0	0020	NOCOMP
pm3f_220.ach	0	0800	OBJCGX
pm3n_220.scl	0	0020	COLOR
pm3b_220.ach	0	0800	OBJCGX
pm3r_220.scl	0	0020	COLOR
icon_220.sch	0	0400	NOCOMP
foot_220.bin	0	0020	NOCOMP
pm3f_221.ach	0	0800	OBJCGX
pm3n_221.scl	0	0020	COLOR
pm3b_221.ach	0	0800	OBJCGX
pm3r_221.scl	0	0020	COLOR
icon_221.sch	0	0400	NOCOMP
foot_221.bin	0	0020	NOCOMP
pm3f_222.ach	0	0800	OBJCGX
pm3n_222.scl	0	0020	COLOR
pm3b_222.ach	0	0800	OBJCGX
pm3r_222.scl	0	0020	COLOR
icon_222.sch	0	0400	NOCOMP
foot_222.bin	0	0020	NOCOMP
pm3f_223.ach	0	0800	OBJCGX
pm3n_223.scl	0	0020	COLOR
pm3b_223.ach	0	0800	OBJCGX
pm3r_223.scl	0	0020	COLOR
icon_223.sch	0	0400	NOCOMP
foot_223.bin	0	0020	NOCOMP
pm3f_224.ach	0	0800	OBJCGX
pm3n_224.scl	0	0020	COLOR
pm3b_224.ach	0	0800	OBJCGX
pm3r_224.scl	0	0020	COLOR
icon_224.sch	0	0400	NOCOMP
foot_224.bin	0	0020	NOCOMP
pm3f_225.ach	0	0800	OBJCGX
pm3n_225.scl	0	0020	COLOR
pm3b_225.ach	0	0800	OBJCGX
pm3r_225.scl	0	0020	COLOR
icon_225.sch	0	0400	NOCOMP
foot_225.bin	0	0020	NOCOMP
pm3f_226.ach	0	0800	OBJCGX
pm3n_226.scl	0	0020	COLOR
pm3b_226.ach	0	0800	OBJCGX
pm3r_226.scl	0	0020	COLOR
icon_226.sch	0	0400	NOCOMP
foot_226.bin	0	0020	NOCOMP
pm3f_227.ach	0	0800	OBJCGX
pm3n_227.scl	0	0020	COLOR
pm3b_227.ach	0	0800	OBJCGX
pm3r_227.scl	0	0020	COLOR
icon_227.sch	0	0400	NOCOMP
foot_227.bin	0	0020	NOCOMP
pm3f_228.ach	0	0800	OBJCGX
pm3n_228.scl	0	0020	COLOR
pm3b_228.ach	0	0800	OBJCGX
pm3r_228.scl	0	0020	COLOR
icon_228.sch	0	0400	NOCOMP
foot_228.bin	0	0020	NOCOMP
pm3f_229.ach	0	0800	OBJCGX
pm3n_229.scl	0	0020	COLOR
pm3b_229.ach	0	0800	OBJCGX
pm3r_229.scl	0	0020	COLOR
icon_229.sch	0	0400	NOCOMP
foot_229.bin	0	0020	NOCOMP
pm3f_230.ach	0	0800	OBJCGX
pm3n_230.scl	0	0020	COLOR
pm3b_230.ach	0	0800	OBJCGX
pm3r_230.scl	0	0020	COLOR
icon_230.sch	0	0400	NOCOMP
foot_230.bin	0	0020	NOCOMP
pm3f_231.ach	0	0800	OBJCGX
pm3n_231.scl	0	0020	COLOR
pm3b_231.ach	0	0800	OBJCGX
pm3r_231.scl	0	0020	COLOR
icon_231.sch	0	0400	NOCOMP
foot_231.bin	0	0020	NOCOMP
pm3f_232.ach	0	0800	OBJCGX
pm3n_232.scl	0	0020	COLOR
pm3b_232.ach	0	0800	OBJCGX
pm3r_232.scl	0	0020	COLOR
icon_232.sch	0	0400	NOCOMP
foot_232.bin	0	0020	NOCOMP
pm3f_233.ach	0	0800	OBJCGX
pm3n_233.scl	0	0020	COLOR
pm3b_233.ach	0	0800	OBJCGX
pm3r_233.scl	0	0020	COLOR
icon_233.sch	0	0400	NOCOMP
foot_233.bin	0	0020	NOCOMP
pm3f_234.ach	0	0800	OBJCGX
pm3n_234.scl	0	0020	COLOR
pm3b_234.ach	0	0800	OBJCGX
pm3r_234.scl	0	0020	COLOR
icon_234.sch	0	0400	NOCOMP
foot_234.bin	0	0020	NOCOMP
pm3f_235.ach	0	0800	OBJCGX
pm3n_235.scl	0	0020	COLOR
pm3b_235.ach	0	0800	OBJCGX
pm3r_235.scl	0	0020	COLOR
icon_235.sch	0	0400	NOCOMP
foot_235.bin	0	0020	NOCOMP
pm3f_236.ach	0	0800	OBJCGX
pm3n_236.scl	0	0020	COLOR
pm3b_236.ach	0	0800	OBJCGX
pm3r_236.scl	0	0020	COLOR
icon_236.sch	0	0400	NOCOMP
foot_236.bin	0	0020	NOCOMP
pm3f_237.ach	0	0800	OBJCGX
pm3n_237.scl	0	0020	COLOR
pm3b_237.ach	0	0800	OBJCGX
pm3r_237.scl	0	0020	COLOR
icon_237.sch	0	0400	NOCOMP
foot_237.bin	0	0020	NOCOMP
pm3f_238.ach	0	0800	OBJCGX
pm3n_238.scl	0	0020	COLOR
pm3b_238.ach	0	0800	OBJCGX
pm3r_238.scl	0	0020	COLOR
icon_238.sch	0	0400	NOCOMP
foot_238.bin	0	0020	NOCOMP
pm3f_239.ach	0	0800	OBJCGX
pm3n_239.scl	0	0020	COLOR
pm3b_239.ach	0	0800	OBJCGX
pm3r_239.scl	0	0020	COLOR
icon_239.sch	0	0400	NOCOMP
foot_239.bin	0	0020	NOCOMP
pm3f_240.ach	0	0800	OBJCGX
pm3n_240.scl	0	0020	COLOR
pm3b_240.ach	0	0800	OBJCGX
pm3r_240.scl	0	0020	COLOR
icon_240.sch	0	0400	NOCOMP
foot_240.bin	0	0020	NOCOMP
pm3f_241.ach	0	0800	OBJCGX
pm3n_241.scl	0	0020	COLOR
pm3b_241.ach	0	0800	OBJCGX
pm3r_241.scl	0	0020	COLOR
icon_241.sch	0	0400	NOCOMP
foot_241.bin	0	0020	NOCOMP
pm3f_242.ach	0	0800	OBJCGX
pm3n_242.scl	0	0020	COLOR
pm3b_242.ach	0	0800	OBJCGX
pm3r_242.scl	0	0020	COLOR
icon_242.sch	0	0400	NOCOMP
foot_242.bin	0	0020	NOCOMP
pm3f_243.ach	0	0800	OBJCGX
pm3n_243.scl	0	0020	COLOR
pm3b_243.ach	0	0800	OBJCGX
pm3r_243.scl	0	0020	COLOR
icon_243.sch	0	0400	NOCOMP
foot_243.bin	0	0020	NOCOMP
pm3f_244.ach	0	0800	OBJCGX
pm3n_244.scl	0	0020	COLOR
pm3b_244.ach	0	0800	OBJCGX
pm3r_244.scl	0	0020	COLOR
icon_244.sch	0	0400	NOCOMP
foot_244.bin	0	0020	NOCOMP
pm3f_245.ach	0	0800	OBJCGX
pm3n_245.scl	0	0020	COLOR
pm3b_245.ach	0	0800	OBJCGX
pm3r_245.scl	0	0020	COLOR
icon_245.sch	0	0400	NOCOMP
foot_245.bin	0	0020	NOCOMP
pm3f_246.ach	0	0800	OBJCGX
pm3n_246.scl	0	0020	COLOR
pm3b_246.ach	0	0800	OBJCGX
pm3r_246.scl	0	0020	COLOR
icon_246.sch	0	0400	NOCOMP
foot_246.bin	0	0020	NOCOMP
pm3f_247.ach	0	0800	OBJCGX
pm3n_247.scl	0	0020	COLOR
pm3b_247.ach	0	0800	OBJCGX
pm3r_247.scl	0	0020	COLOR
icon_247.sch	0	0400	NOCOMP
foot_247.bin	0	0020	NOCOMP
pm3f_248.ach	0	0800	OBJCGX
pm3n_248.scl	0	0020	COLOR
pm3b_248.ach	0	0800	OBJCGX
pm3r_248.scl	0	0020	COLOR
icon_248.sch	0	0400	NOCOMP
foot_248.bin	0	0020	NOCOMP
pm3f_249.ach	0	0800	OBJCGX
pm3n_249.scl	0	0020	COLOR
pm3b_249.ach	0	0800	OBJCGX
pm3r_249.scl	0	0020	COLOR
icon_249.sch	0	0400	NOCOMP
foot_249.bin	0	0020	NOCOMP
pm3f_250.ach	0	0800	OBJCGX
pm3n_250.scl	0	0020	COLOR
pm3b_250.ach	0	0800	OBJCGX
pm3r_250.scl	0	0020	COLOR
icon_250.sch	0	0400	NOCOMP
foot_250.bin	0	0020	NOCOMP
pm3f_251.ach	0	0800	OBJCGX
pm3n_251.scl	0	0020	COLOR
pm3b_251.ach	0	0800	OBJCGX
pm3r_251.scl	0	0020	COLOR
icon_251.sch	0	0400	NOCOMP
foot_251.bin	0	0020	NOCOMP
pm3f_999.ach	0	0800	OBJCGX
pm3n_999.scl	0	0020	COLOR
pm3b_999.ach	0	0800	OBJCGX
pm3r_999.scl	0	0020	COLOR
pm3f_426.ach	0	0800	OBJCGX
pm3n_426.scl	0	0020	COLOR
pm3b_426.ach	0	0800	OBJCGX
pm3r_426.scl	0	0020	COLOR
icon_426.sch	0	0400	NOCOMP
foot_426.bin	0	0020	NOCOMP
pm3f_427.ach	0	0800	OBJCGX
pm3n_427.scl	0	0020	COLOR
pm3b_427.ach	0	0800	OBJCGX
pm3r_427.scl	0	0020	COLOR
icon_427.sch	0	0400	NOCOMP
foot_427.bin	0	0020	NOCOMP
pm3f_428.ach	0	0800	OBJCGX
pm3n_428.scl	0	0020	COLOR
pm3b_428.ach	0	0800	OBJCGX
pm3r_428.scl	0	0020	COLOR
icon_428.sch	0	0400	NOCOMP
foot_428.bin	0	0020	NOCOMP
pm3f_429.ach	0	0800	OBJCGX
pm3n_429.scl	0	0020	COLOR
pm3b_429.ach	0	0800	OBJCGX
pm3r_429.scl	0	0020	COLOR
icon_429.sch	0	0400	NOCOMP
foot_429.bin	0	0020	NOCOMP
pm3f_430.ach	0	0800	OBJCGX
pm3n_430.scl	0	0020	COLOR
pm3b_430.ach	0	0800	OBJCGX
pm3r_430.scl	0	0020	COLOR
icon_430.sch	0	0400	NOCOMP
foot_430.bin	0	0020	NOCOMP
pm3f_431.ach	0	0800	OBJCGX
pm3n_431.scl	0	0020	COLOR
pm3b_431.ach	0	0800	OBJCGX
pm3r_431.scl	0	0020	COLOR
icon_431.sch	0	0400	NOCOMP
foot_431.bin	0	0020	NOCOMP
pm3f_432.ach	0	0800	OBJCGX
pm3n_432.scl	0	0020	COLOR
pm3b_432.ach	0	0800	OBJCGX
pm3r_432.scl	0	0020	COLOR
icon_432.sch	0	0400	NOCOMP
foot_432.bin	0	0020	NOCOMP
pm3f_433.ach	0	0800	OBJCGX
pm3n_433.scl	0	0020	COLOR
pm3b_433.ach	0	0800	OBJCGX
pm3r_433.scl	0	0020	COLOR
icon_433.sch	0	0400	NOCOMP
foot_433.bin	0	0020	NOCOMP
pm3f_434.ach	0	0800	OBJCGX
pm3n_434.scl	0	0020	COLOR
pm3b_434.ach	0	0800	OBJCGX
pm3r_434.scl	0	0020	COLOR
icon_434.sch	0	0400	NOCOMP
foot_434.bin	0	0020	NOCOMP
pm3f_391.ach	0	0800	OBJCGX
pm3n_391.scl	0	0020	COLOR
pm3b_391.ach	0	0800	OBJCGX
pm3r_391.scl	0	0020	COLOR
icon_391.sch	0	0400	NOCOMP
foot_391.bin	0	0020	NOCOMP
pm3f_457.ach	0	0800	OBJCGX
pm3n_457.scl	0	0020	COLOR
pm3b_457.ach	0	0800	OBJCGX
pm3r_457.scl	0	0020	COLOR
icon_457.sch	0	0400	NOCOMP
foot_457.bin	0	0020	NOCOMP
pm3f_395.ach	0	0800	OBJCGX
pm3n_395.scl	0	0020	COLOR
pm3b_395.ach	0	0800	OBJCGX
pm3r_395.scl	0	0020	COLOR
icon_395.sch	0	0400	NOCOMP
foot_395.bin	0	0020	NOCOMP
pm3f_467.ach	0	0800	OBJCGX
pm3n_467.scl	0	0020	COLOR
pm3b_467.ach	0	0800	OBJCGX
pm3r_467.scl	0	0020	COLOR
icon_467.sch	0	0400	NOCOMP
foot_467.bin	0	0020	NOCOMP
pm3f_462.ach	0	0800	OBJCGX
pm3n_462.scl	0	0020	COLOR
pm3b_462.ach	0	0800	OBJCGX
pm3r_462.scl	0	0020	COLOR
icon_462.sch	0	0400	NOCOMP
foot_462.bin	0	0020	NOCOMP
pm3f_463.ach	0	0800	OBJCGX
pm3n_463.scl	0	0020	COLOR
pm3b_463.ach	0	0800	OBJCGX
pm3r_463.scl	0	0020	COLOR
icon_463.sch	0	0400	NOCOMP
foot_463.bin	0	0020	NOCOMP
pm3f_464.ach	0	0800	OBJCGX
pm3n_464.scl	0	0020	COLOR
pm3b_464.ach	0	0800	OBJCGX
pm3r_464.scl	0	0020	COLOR
icon_464.sch	0	0400	NOCOMP
foot_464.bin	0	0020	NOCOMP
pm3f_465.ach	0	0800	OBJCGX
pm3n_465.scl	0	0020	COLOR
pm3b_465.ach	0	0800	OBJCGX
pm3r_465.scl	0	0020	COLOR
icon_465.sch	0	0400	NOCOMP
foot_465.bin	0	0020	NOCOMP
pm3f_466.ach	0	0800	OBJCGX
pm3n_466.scl	0	0020	COLOR
pm3b_466.ach	0	0800	OBJCGX
pm3r_466.scl	0	0020	COLOR
icon_466.sch	0	0400	NOCOMP
foot_466.bin	0	0020	NOCOMP
pm3f_367.ach	0	0800	OBJCGX
pm3n_367.scl	0	0020	COLOR
pm3b_367.ach	0	0800	OBJCGX
pm3r_367.scl	0	0020	COLOR
icon_367.sch	0	0400	NOCOMP
foot_367.bin	0	0020	NOCOMP
pm3f_309.ach	0	0800	OBJCGX
pm3n_309.scl	0	0020	COLOR
pm3b_309.ach	0	0800	OBJCGX
pm3r_309.scl	0	0020	COLOR
icon_309.sch	0	0400	NOCOMP
foot_309.bin	0	0020	NOCOMP
pm3f_437.ach	0	0800	OBJCGX
pm3n_437.scl	0	0020	COLOR
pm3b_437.ach	0	0800	OBJCGX
pm3r_437.scl	0	0020	COLOR
icon_437.sch	0	0400	NOCOMP
foot_437.bin	0	0020	NOCOMP
pm3f_310.ach	0	0800	OBJCGX
pm3n_310.scl	0	0020	COLOR
pm3b_310.ach	0	0800	OBJCGX
pm3r_310.scl	0	0020	COLOR
icon_310.sch	0	0400	NOCOMP
foot_310.bin	0	0020	NOCOMP
pm3f_302.ach	0	0800	OBJCGX
pm3n_302.scl	0	0020	COLOR
pm3b_302.ach	0	0800	OBJCGX
pm3r_302.scl	0	0020	COLOR
icon_302.sch	0	0400	NOCOMP
foot_302.bin	0	0020	NOCOMP
pm3f_479.ach	0	0800	OBJCGX
pm3n_479.scl	0	0020	COLOR
pm3b_479.ach	0	0800	OBJCGX
pm3r_479.scl	0	0020	COLOR
icon_479.sch	0	0400	NOCOMP
foot_479.bin	0	0020	NOCOMP
pm3f_342.ach	0	0800	OBJCGX
pm3n_342.scl	0	0020	COLOR
pm3b_342.ach	0	0800	OBJCGX
pm3r_342.scl	0	0020	COLOR
icon_342.sch	0	0400	NOCOMP
foot_342.bin	0	0020	NOCOMP
pm3f_365.ach	0	0800	OBJCGX
pm3n_365.scl	0	0020	COLOR
pm3b_365.ach	0	0800	OBJCGX
pm3r_365.scl	0	0020	COLOR
icon_365.sch	0	0400	NOCOMP
foot_365.bin	0	0020	NOCOMP
pm3f_366.ach	0	0800	OBJCGX
pm3n_366.scl	0	0020	COLOR
pm3b_366.ach	0	0800	OBJCGX
pm3r_366.scl	0	0020	COLOR
icon_366.sch	0	0400	NOCOMP
foot_366.bin	0	0020	NOCOMP
pm3f_451.ach	0	0800	OBJCGX
pm3n_451.scl	0	0020	COLOR
pm3b_451.ach	0	0800	OBJCGX
pm3r_451.scl	0	0020	COLOR
icon_451.sch	0	0400	NOCOMP
foot_451.bin	0	0020	NOCOMP
pm3f_452.ach	0	0800	OBJCGX
pm3n_452.scl	0	0020	COLOR
pm3b_452.ach	0	0800	OBJCGX
pm3r_452.scl	0	0020	COLOR
icon_452.sch	0	0400	NOCOMP
foot_452.bin	0	0020	NOCOMP
pm3f_319.ach	0	0800	OBJCGX
pm3n_319.scl	0	0020	COLOR
pm3b_319.ach	0	0800	OBJCGX
pm3r_319.scl	0	0020	COLOR
icon_319.sch	0	0400	NOCOMP
foot_319.bin	0	0020	NOCOMP
pm3f_333.ach	0	0800	OBJCGX
pm3n_333.scl	0	0020	COLOR
pm3b_333.ach	0	0800	OBJCGX
pm3r_333.scl	0	0020	COLOR
icon_333.sch	0	0400	NOCOMP
foot_333.bin	0	0020	NOCOMP
pm3f_368.ach	0	0800	OBJCGX
pm3n_368.scl	0	0020	COLOR
pm3b_368.ach	0	0800	OBJCGX
pm3r_368.scl	0	0020	COLOR
icon_368.sch	0	0400	NOCOMP
foot_368.bin	0	0020	NOCOMP
pm3f_304.ach	0	0800	OBJCGX
pm3n_304.scl	0	0020	COLOR
pm3b_304.ach	0	0800	OBJCGX
pm3r_304.scl	0	0020	COLOR
icon_304.sch	0	0400	NOCOMP
foot_304.bin	0	0020	NOCOMP
pm3f_301.ach	0	0800	OBJCGX
pm3n_301.scl	0	0020	COLOR
pm3b_301.ach	0	0800	OBJCGX
pm3r_301.scl	0	0020	COLOR
icon_301.sch	0	0400	NOCOMP
foot_301.bin	0	0020	NOCOMP
pm3f_311.ach	0	0800	OBJCGX
pm3n_311.scl	0	0020	COLOR
pm3b_311.ach	0	0800	OBJCGX
pm3r_311.scl	0	0020	COLOR
icon_311.sch	0	0400	NOCOMP
foot_311.bin	0	0020	NOCOMP
pm3f_312.ach	0	0800	OBJCGX
pm3n_312.scl	0	0020	COLOR
pm3b_312.ach	0	0800	OBJCGX
pm3r_312.scl	0	0020	COLOR
icon_312.sch	0	0400	NOCOMP
foot_312.bin	0	0020	NOCOMP
pm3f_308.ach	0	0800	OBJCGX
pm3n_308.scl	0	0020	COLOR
pm3b_308.ach	0	0800	OBJCGX
pm3r_308.scl	0	0020	COLOR
icon_308.sch	0	0400	NOCOMP
foot_308.bin	0	0020	NOCOMP
pm3f_484.ach	0	0800	OBJCGX
pm3n_484.scl	0	0020	COLOR
pm3b_484.ach	0	0800	OBJCGX
pm3r_484.scl	0	0020	COLOR
icon_484.sch	0	0400	NOCOMP
foot_484.bin	0	0020	NOCOMP
pm3f_358.ach	0	0800	OBJCGX
pm3n_358.scl	0	0020	COLOR
pm3b_358.ach	0	0800	OBJCGX
pm3r_358.scl	0	0020	COLOR
icon_358.sch	0	0400	NOCOMP
foot_358.bin	0	0020	NOCOMP
pm3f_471.ach	0	0800	OBJCGX
pm3n_471.scl	0	0020	COLOR
pm3b_471.ach	0	0800	OBJCGX
pm3r_471.scl	0	0020	COLOR
icon_471.sch	0	0400	NOCOMP
foot_471.bin	0	0020	NOCOMP
pm3f_307.ach	0	0800	OBJCGX
pm3n_307.scl	0	0020	COLOR
pm3b_307.ach	0	0800	OBJCGX
pm3r_307.scl	0	0020	COLOR
icon_307.sch	0	0400	NOCOMP
foot_307.bin	0	0020	NOCOMP
pm3f_318.ach	0	0800	OBJCGX
pm3n_318.scl	0	0020	COLOR
pm3b_318.ach	0	0800	OBJCGX
pm3r_318.scl	0	0020	COLOR
icon_318.sch	0	0400	NOCOMP
foot_318.bin	0	0020	NOCOMP
pm3f_315.ach	0	0800	OBJCGX
pm3n_315.scl	0	0020	COLOR
pm3b_315.ach	0	0800	OBJCGX
pm3r_315.scl	0	0020	COLOR
icon_315.sch	0	0400	NOCOMP
foot_315.bin	0	0020	NOCOMP
pm3f_386.ach	0	0800	OBJCGX
pm3n_386.scl	0	0020	COLOR
pm3b_386.ach	0	0800	OBJCGX
pm3r_386.scl	0	0020	COLOR
icon_386.sch	0	0400	NOCOMP
foot_386.bin	0	0020	NOCOMP
pm3f_436.ach	0	0800	OBJCGX
pm3n_436.scl	0	0020	COLOR
pm3b_436.ach	0	0800	OBJCGX
pm3r_436.scl	0	0020	COLOR
icon_436.sch	0	0400	NOCOMP
foot_436.bin	0	0020	NOCOMP
pm3f_313.ach	0	0800	OBJCGX
pm3n_313.scl	0	0020	COLOR
pm3b_313.ach	0	0800	OBJCGX
pm3r_313.scl	0	0020	COLOR
icon_313.sch	0	0400	NOCOMP
foot_313.bin	0	0020	NOCOMP
pm3f_439.ach	0	0800	OBJCGX
pm3n_439.scl	0	0020	COLOR
pm3b_439.ach	0	0800	OBJCGX
pm3r_439.scl	0	0020	COLOR
icon_439.sch	0	0400	NOCOMP
foot_439.bin	0	0020	NOCOMP
pm3f_440.ach	0	0800	OBJCGX
pm3n_440.scl	0	0020	COLOR
pm3b_440.ach	0	0800	OBJCGX
pm3r_440.scl	0	0020	COLOR
icon_440.sch	0	0400	NOCOMP
foot_440.bin	0	0020	NOCOMP
pm3f_441.ach	0	0800	OBJCGX
pm3n_441.scl	0	0020	COLOR
pm3b_441.ach	0	0800	OBJCGX
pm3r_441.scl	0	0020	COLOR
icon_441.sch	0	0400	NOCOMP
foot_441.bin	0	0020	NOCOMP
pm3f_442.ach	0	0800	OBJCGX
pm3n_442.scl	0	0020	COLOR
pm3b_442.ach	0	0800	OBJCGX
pm3r_442.scl	0	0020	COLOR
icon_442.sch	0	0400	NOCOMP
foot_442.bin	0	0020	NOCOMP
pm3f_443.ach	0	0800	OBJCGX
pm3n_443.scl	0	0020	COLOR
pm3b_443.ach	0	0800	OBJCGX
pm3r_443.scl	0	0020	COLOR
icon_443.sch	0	0400	NOCOMP
foot_443.bin	0	0020	NOCOMP
pm3f_444.ach	0	0800	OBJCGX
pm3n_444.scl	0	0020	COLOR
pm3b_444.ach	0	0800	OBJCGX
pm3r_444.scl	0	0020	COLOR
icon_444.sch	0	0400	NOCOMP
foot_444.bin	0	0020	NOCOMP
pm3f_445.ach	0	0800	OBJCGX
pm3n_445.scl	0	0020	COLOR
pm3b_445.ach	0	0800	OBJCGX
pm3r_445.scl	0	0020	COLOR
icon_445.sch	0	0400	NOCOMP
foot_445.bin	0	0020	NOCOMP
pm3f_438.ach	0	0800	OBJCGX
pm3n_438.scl	0	0020	COLOR
pm3b_438.ach	0	0800	OBJCGX
pm3r_438.scl	0	0020	COLOR
icon_438.sch	0	0400	NOCOMP
foot_438.bin	0	0020	NOCOMP
pm3f_314.ach	0	0800	OBJCGX
pm3n_314.scl	0	0020	COLOR
pm3b_314.ach	0	0800	OBJCGX
pm3r_314.scl	0	0020	COLOR
icon_314.sch	0	0400	NOCOMP
foot_314.bin	0	0020	NOCOMP
pm3f_337.ach	0	0800	OBJCGX
pm3n_337.scl	0	0020	COLOR
pm3b_337.ach	0	0800	OBJCGX
pm3r_337.scl	0	0020	COLOR
icon_337.sch	0	0400	NOCOMP
foot_337.bin	0	0020	NOCOMP
pm3f_404.ach	0	0800	OBJCGX
pm3n_404.scl	0	0020	COLOR
pm3b_404.ach	0	0800	OBJCGX
pm3r_404.scl	0	0020	COLOR
icon_404.sch	0	0400	NOCOMP
foot_404.bin	0	0020	NOCOMP
pm3f_405.ach	0	0800	OBJCGX
pm3n_405.scl	0	0020	COLOR
pm3b_405.ach	0	0800	OBJCGX
pm3r_405.scl	0	0020	COLOR
icon_405.sch	0	0400	NOCOMP
foot_405.bin	0	0020	NOCOMP
pm3f_352.ach	0	0800	OBJCGX
pm3n_352.scl	0	0020	COLOR
pm3b_352.ach	0	0800	OBJCGX
pm3r_352.scl	0	0020	COLOR
icon_352.sch	0	0400	NOCOMP
foot_352.bin	0	0020	NOCOMP
pm3f_353.ach	0	0800	OBJCGX
pm3n_353.scl	0	0020	COLOR
pm3b_353.ach	0	0800	OBJCGX
pm3r_353.scl	0	0020	COLOR
icon_353.sch	0	0400	NOCOMP
foot_353.bin	0	0020	NOCOMP
pm3f_361.ach	0	0800	OBJCGX
pm3n_361.scl	0	0020	COLOR
pm3b_361.ach	0	0800	OBJCGX
pm3r_361.scl	0	0020	COLOR
icon_361.sch	0	0400	NOCOMP
foot_361.bin	0	0020	NOCOMP
pm3f_362.ach	0	0800	OBJCGX
pm3n_362.scl	0	0020	COLOR
pm3b_362.ach	0	0800	OBJCGX
pm3r_362.scl	0	0020	COLOR
icon_362.sch	0	0400	NOCOMP
foot_362.bin	0	0020	NOCOMP
pm3f_359.ach	0	0800	OBJCGX
pm3n_359.scl	0	0020	COLOR
pm3b_359.ach	0	0800	OBJCGX
pm3r_359.scl	0	0020	COLOR
icon_359.sch	0	0400	NOCOMP
foot_359.bin	0	0020	NOCOMP
pm3f_300.ach	0	0800	OBJCGX
pm3n_300.scl	0	0020	COLOR
pm3b_300.ach	0	0800	OBJCGX
pm3r_300.scl	0	0020	COLOR
icon_300.sch	0	0400	NOCOMP
foot_300.bin	0	0020	NOCOMP
pm3f_344.ach	0	0800	OBJCGX
pm3n_344.scl	0	0020	COLOR
pm3b_344.ach	0	0800	OBJCGX
pm3r_344.scl	0	0020	COLOR
icon_344.sch	0	0400	NOCOMP
foot_344.bin	0	0020	NOCOMP
pm3f_476.ach	0	0800	OBJCGX
pm3n_476.scl	0	0020	COLOR
pm3b_476.ach	0	0800	OBJCGX
pm3r_476.scl	0	0020	COLOR
icon_476.sch	0	0400	NOCOMP
foot_476.bin	0	0020	NOCOMP
pm3f_477.ach	0	0800	OBJCGX
pm3n_477.scl	0	0020	COLOR
pm3b_477.ach	0	0800	OBJCGX
pm3r_477.scl	0	0020	COLOR
icon_477.sch	0	0400	NOCOMP
foot_477.bin	0	0020	NOCOMP
pm3f_480.ach	0	0800	OBJCGX
pm3n_480.scl	0	0020	COLOR
pm3b_480.ach	0	0800	OBJCGX
pm3r_480.scl	0	0020	COLOR
icon_480.sch	0	0400	NOCOMP
foot_480.bin	0	0020	NOCOMP
pm3f_481.ach	0	0800	OBJCGX
pm3n_481.scl	0	0020	COLOR
pm3b_481.ach	0	0800	OBJCGX
pm3r_481.scl	0	0020	COLOR
icon_481.sch	0	0400	NOCOMP
foot_481.bin	0	0020	NOCOMP
pm3f_435.ach	0	0800	OBJCGX
pm3n_435.scl	0	0020	COLOR
pm3b_435.ach	0	0800	OBJCGX
pm3r_435.scl	0	0020	COLOR
icon_435.sch	0	0400	NOCOMP
foot_435.bin	0	0020	NOCOMP
pm3f_482.ach	0	0800	OBJCGX
pm3n_482.scl	0	0020	COLOR
pm3b_482.ach	0	0800	OBJCGX
pm3r_482.scl	0	0020	COLOR
icon_482.sch	0	0400	NOCOMP
foot_482.bin	0	0020	NOCOMP
pm3f_369.ach	0	0800	OBJCGX
pm3n_369.scl	0	0020	COLOR
pm3b_369.ach	0	0800	OBJCGX
pm3r_369.scl	0	0020	COLOR
icon_369.sch	0	0400	NOCOMP
foot_369.bin	0	0020	NOCOMP
pm3f_446.ach	0	0800	OBJCGX
pm3n_446.scl	0	0020	COLOR
pm3b_446.ach	0	0800	OBJCGX
pm3r_446.scl	0	0020	COLOR
icon_446.sch	0	0400	NOCOMP
foot_446.bin	0	0020	NOCOMP
pm3f_306.ach	0	0800	OBJCGX
pm3n_306.scl	0	0020	COLOR
pm3b_306.ach	0	0800	OBJCGX
pm3r_306.scl	0	0020	COLOR
icon_306.sch	0	0400	NOCOMP
foot_306.bin	0	0020	NOCOMP
pm3f_378.ach	0	0800	OBJCGX
pm3n_378.scl	0	0020	COLOR
pm3b_378.ach	0	0800	OBJCGX
pm3r_378.scl	0	0020	COLOR
icon_378.sch	0	0400	NOCOMP
foot_378.bin	0	0020	NOCOMP
pm3f_379.ach	0	0800	OBJCGX
pm3n_379.scl	0	0020	COLOR
pm3b_379.ach	0	0800	OBJCGX
pm3r_379.scl	0	0020	COLOR
icon_379.sch	0	0400	NOCOMP
foot_379.bin	0	0020	NOCOMP
pm3f_455.ach	0	0800	OBJCGX
pm3n_455.scl	0	0020	COLOR
pm3b_455.ach	0	0800	OBJCGX
pm3r_455.scl	0	0020	COLOR
icon_455.sch	0	0400	NOCOMP
foot_455.bin	0	0020	NOCOMP
pm3f_456.ach	0	0800	OBJCGX
pm3n_456.scl	0	0020	COLOR
pm3b_456.ach	0	0800	OBJCGX
pm3r_456.scl	0	0020	COLOR
icon_456.sch	0	0400	NOCOMP
foot_456.bin	0	0020	NOCOMP
pm3f_458.ach	0	0800	OBJCGX
pm3n_458.scl	0	0020	COLOR
pm3b_458.ach	0	0800	OBJCGX
pm3r_458.scl	0	0020	COLOR
icon_458.sch	0	0400	NOCOMP
foot_458.bin	0	0020	NOCOMP
pm3f_460.ach	0	0800	OBJCGX
pm3n_460.scl	0	0020	COLOR
pm3b_460.ach	0	0800	OBJCGX
pm3r_460.scl	0	0020	COLOR
icon_460.sch	0	0400	NOCOMP
foot_460.bin	0	0020	NOCOMP
pm3f_461.ach	0	0800	OBJCGX
pm3n_461.scl	0	0020	COLOR
pm3b_461.ach	0	0800	OBJCGX
pm3r_461.scl	0	0020	COLOR
icon_461.sch	0	0400	NOCOMP
foot_461.bin	0	0020	NOCOMP
pm3f_330.ach	0	0800	OBJCGX
pm3n_330.scl	0	0020	COLOR
pm3b_330.ach	0	0800	OBJCGX
pm3r_330.scl	0	0020	COLOR
icon_330.sch	0	0400	NOCOMP
foot_330.bin	0	0020	NOCOMP
pm3f_385.ach	0	0800	OBJCGX
pm3n_385.scl	0	0020	COLOR
pm3b_385.ach	0	0800	OBJCGX
pm3r_385.scl	0	0020	COLOR
icon_385.sch	0	0400	NOCOMP
foot_385.bin	0	0020	NOCOMP
pm3f_335.ach	0	0800	OBJCGX
pm3n_335.scl	0	0020	COLOR
pm3b_335.ach	0	0800	OBJCGX
pm3r_335.scl	0	0020	COLOR
icon_335.sch	0	0400	NOCOMP
foot_335.bin	0	0020	NOCOMP
pm3f_336.ach	0	0800	OBJCGX
pm3n_336.scl	0	0020	COLOR
pm3b_336.ach	0	0800	OBJCGX
pm3r_336.scl	0	0020	COLOR
icon_336.sch	0	0400	NOCOMP
foot_336.bin	0	0020	NOCOMP
pm3f_338.ach	0	0800	OBJCGX
pm3n_338.scl	0	0020	COLOR
pm3b_338.ach	0	0800	OBJCGX
pm3r_338.scl	0	0020	COLOR
icon_338.sch	0	0400	NOCOMP
foot_338.bin	0	0020	NOCOMP
pm3f_340.ach	0	0800	OBJCGX
pm3n_340.scl	0	0020	COLOR
pm3b_340.ach	0	0800	OBJCGX
pm3r_340.scl	0	0020	COLOR
icon_340.sch	0	0400	NOCOMP
foot_340.bin	0	0020	NOCOMP
pm3f_468.ach	0	0800	OBJCGX
pm3n_468.scl	0	0020	COLOR
pm3b_468.ach	0	0800	OBJCGX
pm3r_468.scl	0	0020	COLOR
icon_468.sch	0	0400	NOCOMP
foot_468.bin	0	0020	NOCOMP
pm3f_469.ach	0	0800	OBJCGX
pm3n_469.scl	0	0020	COLOR
pm3b_469.ach	0	0800	OBJCGX
pm3r_469.scl	0	0020	COLOR
icon_469.sch	0	0400	NOCOMP
foot_469.bin	0	0020	NOCOMP
pm3f_470.ach	0	0800	OBJCGX
pm3n_470.scl	0	0020	COLOR
pm3b_470.ach	0	0800	OBJCGX
pm3r_470.scl	0	0020	COLOR
icon_470.sch	0	0400	NOCOMP
foot_470.bin	0	0020	NOCOMP
pm3f_453.ach	0	0800	OBJCGX
pm3n_453.scl	0	0020	COLOR
pm3b_453.ach	0	0800	OBJCGX
pm3r_453.scl	0	0020	COLOR
icon_453.sch	0	0400	NOCOMP
foot_453.bin	0	0020	NOCOMP
pm3f_345.ach	0	0800	OBJCGX
pm3n_345.scl	0	0020	COLOR
pm3b_345.ach	0	0800	OBJCGX
pm3r_345.scl	0	0020	COLOR
icon_345.sch	0	0400	NOCOMP
foot_345.bin	0	0020	NOCOMP
pm3f_346.ach	0	0800	OBJCGX
pm3n_346.scl	0	0020	COLOR
pm3b_346.ach	0	0800	OBJCGX
pm3r_346.scl	0	0020	COLOR
icon_346.sch	0	0400	NOCOMP
foot_346.bin	0	0020	NOCOMP
pm3f_473.ach	0	0800	OBJCGX
pm3n_473.scl	0	0020	COLOR
pm3b_473.ach	0	0800	OBJCGX
pm3r_473.scl	0	0020	COLOR
icon_473.sch	0	0400	NOCOMP
foot_473.bin	0	0020	NOCOMP
pm3f_474.ach	0	0800	OBJCGX
pm3n_474.scl	0	0020	COLOR
pm3b_474.ach	0	0800	OBJCGX
pm3r_474.scl	0	0020	COLOR
icon_474.sch	0	0400	NOCOMP
foot_474.bin	0	0020	NOCOMP
pm3f_475.ach	0	0800	OBJCGX
pm3n_475.scl	0	0020	COLOR
pm3b_475.ach	0	0800	OBJCGX
pm3r_475.scl	0	0020	COLOR
icon_475.sch	0	0400	NOCOMP
foot_475.bin	0	0020	NOCOMP
pm3f_349.ach	0	0800	OBJCGX
pm3n_349.scl	0	0020	COLOR
pm3b_349.ach	0	0800	OBJCGX
pm3r_349.scl	0	0020	COLOR
icon_349.sch	0	0400	NOCOMP
foot_349.bin	0	0020	NOCOMP
pm3f_350.ach	0	0800	OBJCGX
pm3n_350.scl	0	0020	COLOR
pm3b_350.ach	0	0800	OBJCGX
pm3r_350.scl	0	0020	COLOR
icon_350.sch	0	0400	NOCOMP
foot_350.bin	0	0020	NOCOMP
pm3f_485.ach	0	0800	OBJCGX
pm3n_485.scl	0	0020	COLOR
pm3b_485.ach	0	0800	OBJCGX
pm3r_485.scl	0	0020	COLOR
icon_485.sch	0	0400	NOCOMP
foot_485.bin	0	0020	NOCOMP
pm3f_382.ach	0	0800	OBJCGX
pm3n_382.scl	0	0020	COLOR
pm3b_382.ach	0	0800	OBJCGX
pm3r_382.scl	0	0020	COLOR
icon_382.sch	0	0400	NOCOMP
foot_382.bin	0	0020	NOCOMP
pm3f_387.ach	0	0800	OBJCGX
pm3n_387.scl	0	0020	COLOR
pm3b_387.ach	0	0800	OBJCGX
pm3r_387.scl	0	0020	COLOR
icon_387.sch	0	0400	NOCOMP
foot_387.bin	0	0020	NOCOMP
pm3f_331.ach	0	0800	OBJCGX
pm3n_331.scl	0	0020	COLOR
pm3b_331.ach	0	0800	OBJCGX
pm3r_331.scl	0	0020	COLOR
icon_331.sch	0	0400	NOCOMP
foot_331.bin	0	0020	NOCOMP
pm3f_454.ach	0	0800	OBJCGX
pm3n_454.scl	0	0020	COLOR
pm3b_454.ach	0	0800	OBJCGX
pm3r_454.scl	0	0020	COLOR
icon_454.sch	0	0400	NOCOMP
foot_454.bin	0	0020	NOCOMP
pm3f_472.ach	0	0800	OBJCGX
pm3n_472.scl	0	0020	COLOR
pm3b_472.ach	0	0800	OBJCGX
pm3r_472.scl	0	0020	COLOR
icon_472.sch	0	0400	NOCOMP
foot_472.bin	0	0020	NOCOMP
pm3f_401.ach	0	0800	OBJCGX
pm3n_401.scl	0	0020	COLOR
pm3b_401.ach	0	0800	OBJCGX
pm3r_401.scl	0	0020	COLOR
icon_401.sch	0	0400	NOCOMP
foot_401.bin	0	0020	NOCOMP
pm3f_483.ach	0	0800	OBJCGX
pm3n_483.scl	0	0020	COLOR
pm3b_483.ach	0	0800	OBJCGX
pm3r_483.scl	0	0020	COLOR
icon_483.sch	0	0400	NOCOMP
foot_483.bin	0	0020	NOCOMP
pm3f_370.ach	0	0800	OBJCGX
pm3n_370.scl	0	0020	COLOR
pm3b_370.ach	0	0800	OBJCGX
pm3r_370.scl	0	0020	COLOR
icon_370.sch	0	0400	NOCOMP
foot_370.bin	0	0020	NOCOMP
pm3f_459.ach	0	0800	OBJCGX
pm3n_459.scl	0	0020	COLOR
pm3b_459.ach	0	0800	OBJCGX
pm3r_459.scl	0	0020	COLOR
icon_459.sch	0	0400	NOCOMP
foot_459.bin	0	0020	NOCOMP
pm3f_413.ach	0	2000	OBJCGX
pm3n_413.scl	0	0080	COLOR
pm3b_413.ach	0	2000	OBJCGX
pm3r_413.scl	0	0080	COLOR
icon_413.sch	0	0400	NOCOMP
foot_413.bin	0	0020	NOCOMP
pm3f_414.ach	0	0800	OBJCGX
pm3n_414.scl	0	0020	COLOR
pm3b_414.ach	0	0800	OBJCGX
pm3r_414.scl	0	0020	COLOR
icon_414.sch	0	0400	NOCOMP
foot_414.bin	0	0020	NOCOMP
pm3f_478.ach	0	0800	OBJCGX
pm3n_478.scl	0	0020	COLOR
pm3b_478.ach	0	0800	OBJCGX
pm3r_478.scl	0	0020	COLOR
icon_478.sch	0	0400	NOCOMP
foot_478.bin	0	0020	NOCOMP
pm3f_447.ach	0	0800	OBJCGX
pm3n_447.scl	0	0020	COLOR
pm3b_447.ach	0	0800	OBJCGX
pm3r_447.scl	0	0020	COLOR
icon_447.sch	0	0400	NOCOMP
foot_447.bin	0	0020	NOCOMP
pm3f_448.ach	0	0800	OBJCGX
pm3n_448.scl	0	0020	COLOR
pm3b_448.ach	0	0800	OBJCGX
pm3r_448.scl	0	0020	COLOR
icon_448.sch	0	0400	NOCOMP
foot_448.bin	0	0020	NOCOMP
pm3f_449.ach	0	0800	OBJCGX
pm3n_449.scl	0	0020	COLOR
pm3b_449.ach	0	0800	OBJCGX
pm3r_449.scl	0	0020	COLOR
icon_449.sch	0	0400	NOCOMP
foot_449.bin	0	0020	NOCOMP
pm3f_450.ach	0	0800	OBJCGX
pm3n_450.scl	0	0020	COLOR
pm3b_450.ach	0	0800	OBJCGX
pm3r_450.scl	0	0020	COLOR
icon_450.sch	0	0400	NOCOMP
foot_450.bin	0	0020	NOCOMP
pm3f_499.ach	0	0800	OBJCGX
pm3n_499.scl	0	0020	COLOR
pm3b_499.ach	0	0800	OBJCGX
pm3r_499.scl	0	0020	COLOR
icon_499.sch	0	0400	NOCOMP
foot_499.bin	0	0020	NOCOMP
pm3f_500.ach	0	0800	OBJCGX
pm3n_500.scl	0	0020	COLOR
pm3b_500.ach	0	0800	OBJCGX
pm3r_500.scl	0	0020	COLOR
icon_500.sch	0	0400	NOCOMP
foot_500.bin	0	0020	NOCOMP
pm3f_501.ach	0	0800	OBJCGX
pm3n_501.scl	0	0020	COLOR
pm3b_501.ach	0	0800	OBJCGX
pm3r_501.scl	0	0020	COLOR
icon_501.sch	0	0400	NOCOMP
foot_501.bin	0	0020	NOCOMP
pm3f_502.ach	0	0800	OBJCGX
pm3n_502.scl	0	0020	COLOR
pm3b_502.ach	0	0800	OBJCGX
pm3r_502.scl	0	0020	COLOR
icon_502.sch	0	0400	NOCOMP
foot_502.bin	0	0020	NOCOMP
pm3f_486.ach	0	0800	OBJCGX
pm3n_486.scl	0	0020	COLOR
pm3b_486.ach	0	0800	OBJCGX
pm3r_486.scl	0	0020	COLOR
icon_486.sch	0	0400	NOCOMP
foot_486.bin	0	0020	NOCOMP
pm3f_487.ach	0	0800	OBJCGX
pm3n_487.scl	0	0020	COLOR
pm3b_487.ach	0	0800	OBJCGX
pm3r_487.scl	0	0020	COLOR
icon_487.sch	0	0400	NOCOMP
foot_487.bin	0	0020	NOCOMP
pm3f_488.ach	0	0800	OBJCGX
pm3n_488.scl	0	0020	COLOR
pm3b_488.ach	0	0800	OBJCGX
pm3r_488.scl	0	0020	COLOR
icon_488.sch	0	0400	NOCOMP
foot_488.bin	0	0020	NOCOMP
pm3f_489.ach	0	0800	OBJCGX
pm3n_489.scl	0	0020	COLOR
pm3b_489.ach	0	0800	OBJCGX
pm3r_489.scl	0	0020	COLOR
icon_489.sch	0	0400	NOCOMP
foot_489.bin	0	0020	NOCOMP
pm3f_490.ach	0	0800	OBJCGX
pm3n_490.scl	0	0020	COLOR
pm3b_490.ach	0	0800	OBJCGX
pm3r_490.scl	0	0020	COLOR
icon_490.sch	0	0400	NOCOMP
foot_490.bin	0	0020	NOCOMP
pm3f_491.ach	0	0800	OBJCGX
pm3n_491.scl	0	0020	COLOR
pm3b_491.ach	0	0800	OBJCGX
pm3r_491.scl	0	0020	COLOR
icon_491.sch	0	0400	NOCOMP
foot_491.bin	0	0020	NOCOMP
pm3f_492.ach	0	0800	OBJCGX
pm3n_492.scl	0	0020	COLOR
pm3b_492.ach	0	0800	OBJCGX
pm3r_492.scl	0	0020	COLOR
icon_492.sch	0	0400	NOCOMP
foot_492.bin	0	0020	NOCOMP
pm3f_493.ach	0	0800	OBJCGX
pm3n_493.scl	0	0020	COLOR
pm3b_493.ach	0	0800	OBJCGX
pm3r_493.scl	0	0020	COLOR
icon_493.sch	0	0400	NOCOMP
foot_493.bin	0	0020	NOCOMP
pm3f_495.ach	0	0800	OBJCGX
pm3n_495.scl	0	0020	COLOR
pm3b_495.ach	0	0800	OBJCGX
pm3r_495.scl	0	0020	COLOR
icon_495.sch	0	0400	NOCOMP
foot_495.bin	0	0020	NOCOMP
pm3f_494.ach	0	0800	OBJCGX
pm3n_494.scl	0	0020	COLOR
pm3b_494.ach	0	0800	OBJCGX
pm3r_494.scl	0	0020	COLOR
icon_494.sch	0	0400	NOCOMP
foot_494.bin	0	0020	NOCOMP
pm3f_496.ach	0	0800	OBJCGX
pm3n_496.scl	0	0020	COLOR
pm3b_496.ach	0	0800	OBJCGX
pm3r_496.scl	0	0020	COLOR
icon_496.sch	0	0400	NOCOMP
foot_496.bin	0	0020	NOCOMP
pm3f_392.ach	0	0800	OBJCGX
pm3n_392.scl	0	0020	COLOR
pm3b_392.ach	0	0800	OBJCGX
pm3r_392.scl	0	0020	COLOR
icon_392.sch	0	0400	NOCOMP
foot_392.bin	0	0020	NOCOMP
pm3f_393.ach	0	0800	OBJCGX
pm3n_393.scl	0	0020	COLOR
pm3b_393.ach	0	0800	OBJCGX
pm3r_393.scl	0	0020	COLOR
icon_393.sch	0	0400	NOCOMP
foot_393.bin	0	0020	NOCOMP
pm3f_497.ach	0	0800	OBJCGX
pm3n_497.scl	0	0020	COLOR
pm3b_497.ach	0	0800	OBJCGX
pm3r_497.scl	0	0020	COLOR
icon_497.sch	0	0400	NOCOMP
foot_497.bin	0	0020	NOCOMP
pm3f_498.ach	0	0800	OBJCGX
pm3n_498.scl	0	0020	COLOR
pm3b_498.ach	0	0800	OBJCGX
pm3r_498.scl	0	0020	COLOR
icon_498.sch	0	0400	NOCOMP
foot_498.bin	0	0020	NOCOMP
pm3f_341.ach	0	0800	OBJCGX
pm3n_341.scl	0	0020	COLOR
pm3b_341.ach	0	0800	OBJCGX
pm3r_341.scl	0	0020	COLOR
icon_341.sch	0	0400	NOCOMP
foot_341.bin	0	0020	NOCOMP
tamago.ach	0	0800	OBJCGX
tamago.scl	0	0020	COLOR
pm3f_unb.ach	0	0800	OBJCGX
pm3b_unb.ach	0	0800	OBJCGX
icon_unb.sch	0	0400	NOCOMP
pm3f_unc.ach	0	0800	OBJCGX
pm3b_unc.ach	0	0800	OBJCGX
icon_unc.sch	0	0400	NOCOMP
pm3f_und.ach	0	0800	OBJCGX
pm3b_und.ach	0	0800	OBJCGX
icon_und.sch	0	0400	NOCOMP
pm3f_une.ach	0	0800	OBJCGX
pm3b_une.ach	0	0800	OBJCGX
icon_une.sch	0	0400	NOCOMP
pm3f_unf.ach	0	0800	OBJCGX
pm3b_unf.ach	0	0800	OBJCGX
icon_unf.sch	0	0400	NOCOMP
pm3f_ung.ach	0	0800	OBJCGX
pm3b_ung.ach	0	0800	OBJCGX
icon_ung.sch	0	0400	NOCOMP
pm3f_unh.ach	0	0800	OBJCGX
pm3b_unh.ach	0	0800	OBJCGX
icon_unh.sch	0	0400	NOCOMP
pm3f_uni.ach	0	0800	OBJCGX
pm3b_uni.ach	0	0800	OBJCGX
icon_uni.sch	0	0400	NOCOMP
pm3f_unj.ach	0	0800	OBJCGX
pm3b_unj.ach	0	0800	OBJCGX
icon_unj.sch	0	0400	NOCOMP
pm3f_unk.ach	0	0800	OBJCGX
pm3b_unk.ach	0	0800	OBJCGX
icon_unk.sch	0	0400	NOCOMP
pm3f_unl.ach	0	0800	OBJCGX
pm3b_unl.ach	0	0800	OBJCGX
icon_unl.sch	0	0400	NOCOMP
pm3f_unm.ach	0	0800	OBJCGX
pm3b_unm.ach	0	0800	OBJCGX
icon_unm.sch	0	0400	NOCOMP
pm3f_unn.ach	0	0800	OBJCGX
pm3b_unn.ach	0	0800	OBJCGX
icon_unn.sch	0	0400	NOCOMP
pm3f_uno.ach	0	0800	OBJCGX
pm3b_uno.ach	0	0800	OBJCGX
icon_uno.sch	0	0400	NOCOMP
pm3f_unp.ach	0	0800	OBJCGX
pm3b_unp.ach	0	0800	OBJCGX
icon_unp.sch	0	0400	NOCOMP
pm3f_unq.ach	0	0800	OBJCGX
pm3b_unq.ach	0	0800	OBJCGX
icon_unq.sch	0	0400	NOCOMP
pm3f_unr.ach	0	0800	OBJCGX
pm3b_unr.ach	0	0800	OBJCGX
icon_unr.sch	0	0400	NOCOMP
pm3f_uns.ach	0	0800	OBJCGX
pm3b_uns.ach	0	0800	OBJCGX
icon_uns.sch	0	0400	NOCOMP
pm3f_unt.ach	0	0800	OBJCGX
pm3b_unt.ach	0	0800	OBJCGX
icon_unt.sch	0	0400	NOCOMP
pm3f_unu.ach	0	0800	OBJCGX
pm3b_unu.ach	0	0800	OBJCGX
icon_unu.sch	0	0400	NOCOMP
pm3f_unv.ach	0	0800	OBJCGX
pm3b_unv.ach	0	0800	OBJCGX
icon_unv.sch	0	0400	NOCOMP
pm3f_unw.ach	0	0800	OBJCGX
pm3b_unw.ach	0	0800	OBJCGX
icon_unw.sch	0	0400	NOCOMP
pm3f_unx.ach	0	0800	OBJCGX
pm3b_unx.ach	0	0800	OBJCGX
icon_unx.sch	0	0400	NOCOMP
pm3f_uny.ach	0	0800	OBJCGX
pm3b_uny.ach	0	0800	OBJCGX
icon_uny.sch	0	0400	NOCOMP
pm3f_unz.ach	0	0800	OBJCGX
pm3b_unz.ach	0	0800	OBJCGX
icon_unz.sch	0	0400	NOCOMP
pm3f_exc.ach	0	0800	OBJCGX
pm3b_exc.ach	0	0800	OBJCGX
icon_exc.sch	0	0400	NOCOMP
pm3f_que.ach	0	0800	OBJCGX
pm3b_que.ach	0	0800	OBJCGX
icon_que.sch	0	0400	NOCOMP
