;==========================================================
;
;	soga用のグラフィック圧縮リスト
;
;==========================================================

tr3_001.sch		0	0800	OBJCGX
tr3_002.sch		0	0800	OBJCGX
tr3_003.sch		0	0800	OBJCGX
tr3_004.sch		0	0800	OBJCGX
tr3_006.sch		0	0800	OBJCGX
tr3_007.sch		0	0800	OBJCGX
tr3_008.sch		0	0800	OBJCGX
tr3_009.sch		0	0800	OBJCGX
tr3_010.sch		0	0800	OBJCGX
tr3_011.sch		0	0800	OBJCGX
tr3_012.sch		0	0800	OBJCGX
tr3_013.sch		0	0800	OBJCGX
tr3_014.sch		0	0800	OBJCGX
tr3_015.sch		0	0800	OBJCGX
tr3_016.sch		0	0800	OBJCGX
tr3_017.sch		0	0800	OBJCGX
tr3_018.sch		0	0800	OBJCGX
tr3_019.sch		0	0800	OBJCGX
tr3_020.sch		0	0800	OBJCGX
tr3_021.sch		0	0800	OBJCGX
tr3_022.sch		0	0800	OBJCGX
tr3_023.sch		0	0800	OBJCGX
tr3_024.sch		0	0800	OBJCGX
tr3_025.sch		0	0800	OBJCGX
tr3_026.sch		0	0800	OBJCGX
tr3_027.sch		0	0800	OBJCGX
tr3_028.sch		0	0800	OBJCGX
tr3_029.sch		0	0800	OBJCGX
tr3_030.sch		0	0800	OBJCGX
tr3_031.sch		0	0800	OBJCGX
tr3_032.sch		0	0800	OBJCGX
tr3_033.sch		0	0800	OBJCGX
tr3_034.sch		0	0800	OBJCGX
tr3_035.sch		0	0800	OBJCGX
tr3_036.sch		0	0800	OBJCGX
tr3_037.sch		0	0800	OBJCGX
tr3_038.sch		0	0800	OBJCGX
tr3_039.sch		0	0800	OBJCGX
tr3_040.sch		0	0800	OBJCGX
tr3_041.sch		0	0800	OBJCGX
tr3_042.sch		0	0800	OBJCGX
tr3_043.sch		0	0800	OBJCGX
tr3_044.sch		0	0800	OBJCGX
tr3_045.sch		0	0800	OBJCGX
tr3_046.sch		0	0800	OBJCGX
tr3_047.sch		0	0800	OBJCGX
tr3_048.sch		0	0800	OBJCGX
tr3_049.sch		0	0800	OBJCGX
tr3_050.sch		0	0800	OBJCGX
tr3_051.sch		0	0800	OBJCGX
tr3_052.sch		0	0800	OBJCGX
tr3_053.sch		0	0800	OBJCGX
tr3_054.sch		0	0800	OBJCGX
tr3_055.sch		0	0800	OBJCGX
tr3_056.sch		0	0800	OBJCGX
tr3_057.sch		0	0800	OBJCGX
tr3_058.sch		0	0800	OBJCGX
tr3_059.sch		0	0800	OBJCGX
tr3_060.sch		0	0800	OBJCGX
tr3_061.sch		0	0800	OBJCGX
tr3_062.sch		0	0800	OBJCGX
tr3_063.sch		0	0800	OBJCGX
tr3_064.sch		0	0800	OBJCGX
tr3_065.sch		0	0800	OBJCGX
tr3_066.sch		0	0800	OBJCGX
tr3_067.sch		0	0800	OBJCGX
tr3_068.sch		0	0800	OBJCGX
tr3_069.sch		0	0800	OBJCGX
tr3_070.sch		0	0800	OBJCGX
tr3_071.sch		0	0800	OBJCGX
tr3_072.sch		0	0800	OBJCGX
tr3b_003.sch	0	2000	OBJCGX
tr3b_004.sch	0	2000	OBJCGX
tr3b_019.sch	0	2000	OBJCGX

tr3_001.scl		0	0020	COLOR
tr3_002.scl		0	0020	COLOR
tr3_003.scl		0	0020	COLOR
tr3_004.scl		0	0020	COLOR
tr3_006.scl		0	0020	COLOR
tr3_007.scl		0	0020	COLOR
tr3_008.scl		0	0020	COLOR
tr3_009.scl		0	0020	COLOR
tr3_010.scl		0	0020	COLOR
tr3_011.scl		0	0020	COLOR
tr3_012.scl		0	0020	COLOR
tr3_013.scl		0	0020	COLOR
tr3_014.scl		0	0020	COLOR
tr3_015.scl		0	0020	COLOR
tr3_016.scl		0	0020	COLOR
tr3_017.scl		0	0020	COLOR
tr3_018.scl		0	0020	COLOR
tr3_019.scl		0	0020	COLOR
tr3_020.scl		0	0020	COLOR
tr3_021.scl		0	0020	COLOR
tr3_022.scl		0	0020	COLOR
tr3_023.scl		0	0020	COLOR
tr3_024.scl		0	0020	COLOR
tr3_025.scl		0	0020	COLOR
tr3_026.scl		0	0020	COLOR
tr3_027.scl		0	0020	COLOR
tr3_028.scl		0	0020	COLOR
tr3_029.scl		0	0020	COLOR
tr3_030.scl		0	0020	COLOR
tr3_031.scl		0	0020	COLOR
tr3_032.scl		0	0020	COLOR
tr3_033.scl		0	0020	COLOR
tr3_034.scl		0	0020	COLOR
tr3_035.scl		0	0020	COLOR
tr3_036.scl		0	0020	COLOR
tr3_037.scl		0	0020	COLOR
tr3_038.scl		0	0020	COLOR
tr3_039.scl		0	0020	COLOR
tr3_040.scl		0	0020	COLOR
tr3_041.scl		0	0020	COLOR
tr3_042.scl		0	0020	COLOR
tr3_043.scl		0	0020	COLOR
tr3_044.scl		0	0020	COLOR
tr3_045.scl		0	0020	COLOR
tr3_046.scl		0	0020	COLOR
tr3_047.scl		0	0020	COLOR
tr3_048.scl		0	0020	COLOR
tr3_049.scl		0	0020	COLOR
tr3_050.scl		0	0020	COLOR
tr3_051.scl		0	0020	COLOR
tr3_052.scl		0	0020	COLOR
tr3_053.scl		0	0020	COLOR
tr3_054.scl		0	0020	COLOR
tr3_055.scl		0	0020	COLOR
tr3_056.scl		0	0020	COLOR
tr3_057.scl		0	0020	COLOR
tr3_058.scl		0	0020	COLOR
tr3_059.scl		0	0020	COLOR
tr3_060.scl		0	0020	COLOR
tr3_061.scl		0	0020	COLOR
tr3_062.scl		0	0020	COLOR
tr3_063.scl		0	0020	COLOR
tr3_064.scl		0	0020	COLOR
tr3_065.scl		0	0020	COLOR
tr3_066.scl		0	0020	COLOR
tr3_067.scl		0	0020	COLOR
tr3_068.scl		0	0020	COLOR
tr3_069.scl		0	0020	COLOR
tr3_070.scl		0	0020	COLOR
tr3_071.scl		0	0020	COLOR
tr3_072.scl		0	0020	COLOR

gl3_001.sch		0	0800	OBJCGX
gl3_002.sch		0	0800	OBJCGX
gl3_003.sch		0	0800	OBJCGX
gl3_004.sch		0	0800	OBJCGX
gl3_005.sch		0	0800	OBJCGX
gl3_006.sch		0	0800	OBJCGX
gl3_007.sch		0	0800	OBJCGX
gl3_008.sch		0	0800	OBJCGX
gl3_009.sch		0	0800	OBJCGX
gl3_010.sch		0	0800	OBJCGX
gl3_011.sch		0	0800	OBJCGX
gl3_012.sch		0	0800	OBJCGX

gl3_001.scl		0	0020	COLOR
gl3_002.scl		0	0020	COLOR
gl3_003.scl		0	0020	COLOR
gl3_004.scl		0	0020	COLOR
gl3_005.scl		0	0020	COLOR
gl3_006.scl		0	0020	COLOR
gl3_007.scl		0	0020	COLOR
gl3_008.scl		0	0020	COLOR
gl3_009.scl		0	0020	COLOR
gl3_010.scl		0	0020	COLOR
gl3_011.scl		0	0020	COLOR
gl3_012.scl		0	0020	COLOR

icon_999.sch	0	0400	NOCOMP
foot_999.bin	0	0020	NOCOMP

win_t.sch		0	0200	BG1CGX
win_t.ssc		0	0800	BG1MAP
win_t.scl		0c0	0020	COLOR
win_t_o.sch		0	1000	OBJCGX

ground1.sch		0	2000	BG2CGX
ground1.scl		40	0060	COLOR
ground1.ssc		0	1000	BG2MAP
ground2.sch		0	2000	BG2CGX
ground2.scl		40	0060	COLOR
ground2.ssc		0	1000	BG2MAP
ground3.sch		0	2000	BG2CGX
ground3.scl		40	0060	COLOR
ground3.ssc		0	1000	BG2MAP
ground4.sch		0	2000	BG2CGX
ground4.scl		40	0060	COLOR
ground4.ssc		0	1000	BG2MAP
ground5.sch		0	2000	BG2CGX
ground5.scl		40	0060	COLOR
ground5.ssc		0	1000	BG2MAP
ground6.sch		0	2000	BG2CGX
ground6.scl		40	0060	COLOR
ground6.ssc		0	1000	BG2MAP
ground7.sch		0	2000	BG2CGX
ground7.scl		40	0060	COLOR
ground7.ssc		0	1000	BG2MAP
ground8.sch		0	2000	BG2CGX
ground8.scl		40	0060	COLOR
ground8.ssc		0	1000	BG2MAP
ground9.scl		40	0060	COLOR
ground0.sch		0	2000	BG2CGX
ground0.scl		40	0060	COLOR
ground0.ssc		0	1000	BG2MAP
ground15.sch	0	2000	BG2CGX
ground15.ssc	0	1000	BG2MAP

ground10.scl	40	0060	COLOR
ground11.scl	40	0060	COLOR
ground12.scl	40	0060	COLOR
ground13.scl	40	0060	COLOR
ground14.scl	40	0060	COLOR
ground15.scl	40	0060	COLOR
ground16.scl	40	0060	COLOR
ground17.scl	40	0060	COLOR
ground18.scl	40	0060	COLOR
ground19.scl	40	0060	COLOR
ground20.scl	40	0060	COLOR
ground21.scl	40	0060	COLOR

ec_ani1.sch	0	2000	BG3CGX
ec_ani1.ssc	0	0800	BG3MAP
ec_ani2.sch	0	2000	BG3CGX
ec_ani2.ssc	0	0800	BG3MAP
ec_ani3.sch	0	2000	BG3CGX
ec_ani3.ssc	0	0800	BG3MAP
ec_ani4.sch	0	2000	BG3CGX
ec_ani4.ssc	0	0800	BG3MAP
ec_ani5.sch	0	2000	BG3CGX
ec_ani5.ssc	0	0800	BG3MAP
ec_ani6.sch	0	2000	BG3CGX
ec_ani6.ssc	0	0800	BG3MAP
ec_ani7.sch	0	2000	BG3CGX
ec_ani7.ssc	0	0800	BG3MAP
ec_ani8.sch	0	2000	BG3CGX
ec_ani8.ssc	0	0800	BG3MAP
ec_ani0.sch	0	2000	BG3CGX
ec_ani0.ssc	0	0800	BG3MAP
